<?xml version="1.0" encoding="UTF-8"?>
<testsuite xmlns:xsi="http://www.w3.org/2001/XMLSchema-instance" xsi:noNamespaceSchemaLocation="https://maven.apache.org/surefire/maven-surefire-plugin/xsd/surefire-test-report-3.0.xsd" version="3.0" name="Run.FeatureRunnerTest" time="9.916" tests="3" errors="0" skipped="0" failures="0">
  <properties>
[...]
</properties>
  <testcase name="[1:6] Create details" classname="Features/UserCreation" time="3.464">
    <system-out><![CDATA[15:30:48.869 [main] INFO com.intuit.karate -- [print] Request payload: {
  "gender": "Female",
  "name": "Kurtis Blanda",
  "email": "alphonse+2883@gmail.com",
  "status": "Active"
}
 
15:30:48.950 [main] DEBUG io.netty.util.internal.logging.InternalLoggerFactory -- Using SLF4J as the default logging framework
15:30:48.953 [main] DEBUG io.netty.util.internal.PlatformDependent0 -- -Dio.netty.noUnsafe: false
15:30:48.953 [main] DEBUG io.netty.util.internal.PlatformDependent0 -- Java version: 18
15:30:48.954 [main] DEBUG io.netty.util.internal.PlatformDependent0 -- sun.misc.Unsafe.theUnsafe: available
15:30:48.954 [main] DEBUG io.netty.util.internal.PlatformDependent0 -- sun.misc.Unsafe.copyMemory: available
15:30:48.955 [main] DEBUG io.netty.util.internal.PlatformDependent0 -- sun.misc.Unsafe.storeFence: available
15:30:48.956 [main] DEBUG io.netty.util.internal.PlatformDependent0 -- java.nio.Buffer.address: available
15:30:48.957 [main] DEBUG io.netty.util.internal.PlatformDependent0 -- direct buffer constructor: unavailable: Reflective setAccessible(true) disabled
15:30:48.957 [main] DEBUG io.netty.util.internal.PlatformDependent0 -- java.nio.Bits.unaligned: available, true
15:30:48.958 [main] DEBUG io.netty.util.internal.PlatformDependent0 -- jdk.internal.misc.Unsafe.allocateUninitializedArray(int): unavailable: class io.netty.util.internal.PlatformDependent0$7 cannot access class jdk.internal.misc.Unsafe (in module java.base) because module java.base does not export jdk.internal.misc to unnamed module @399f45b1
15:30:48.961 [main] DEBUG io.netty.util.internal.PlatformDependent0 -- java.nio.DirectByteBuffer.<init>(long, {int,long}): unavailable
15:30:48.961 [main] DEBUG io.netty.util.internal.PlatformDependent -- sun.misc.Unsafe: available
15:30:48.963 [main] DEBUG io.netty.util.internal.PlatformDependent -- maxDirectMemory: 2109734912 bytes (maybe)
15:30:48.964 [main] DEBUG io.netty.util.internal.PlatformDependent -- -Dio.netty.tmpdir: C:\Users\AAKILG~1\AppData\Local\Temp (java.io.tmpdir)
15:30:48.964 [main] DEBUG io.netty.util.internal.PlatformDependent -- -Dio.netty.bitMode: 64 (sun.arch.data.model)
15:30:48.964 [main] DEBUG io.netty.util.internal.PlatformDependent -- Platform: Windows
15:30:48.965 [main] DEBUG io.netty.util.internal.PlatformDependent -- -Dio.netty.maxDirectMemory: -1 bytes
15:30:48.965 [main] DEBUG io.netty.util.internal.PlatformDependent -- -Dio.netty.uninitializedArrayAllocationThreshold: -1
15:30:48.966 [main] DEBUG io.netty.util.internal.CleanerJava9 -- java.nio.ByteBuffer.cleaner(): available
15:30:48.966 [main] DEBUG io.netty.util.internal.PlatformDependent -- -Dio.netty.noPreferDirect: false
15:30:49.345 [main] DEBUG org.apache.http.client.protocol.RequestAddCookies -- CookieSpec selected: karate
15:30:49.354 [main] DEBUG org.apache.http.client.protocol.RequestAuthCache -- Auth cache not set in the context
15:30:49.357 [main] DEBUG com.intuit.karate -- request:
1 > POST https://gorest.co.in/public/v2/users
1 > Content-Type: application/json; charset=UTF-8
1 > Authorization: Bearer de7d574dd697fd2862e7c9214a9cda120b8f63662399395662f3c34c1373af85
1 > Content-Length: 94
1 > Host: gorest.co.in
1 > Connection: Keep-Alive
1 > User-Agent: Apache-HttpClient/4.5.14 (Java/18.0.1)
1 > Accept-Encoding: gzip,deflate
{"gender":"Female","name":"Kurtis Blanda","email":"alphonse+2883@gmail.com","status":"Active"}

15:30:49.358 [main] DEBUG org.apache.http.impl.conn.PoolingHttpClientConnectionManager -- Connection request: [route: {s}->https://gorest.co.in:443][total available: 0; route allocated: 0 of 5; total allocated: 0 of 10]
15:30:49.371 [main] DEBUG org.apache.http.impl.conn.PoolingHttpClientConnectionManager -- Connection leased: [id: 0][route: {s}->https://gorest.co.in:443][total available: 0; route allocated: 1 of 5; total allocated: 1 of 10]
15:30:49.372 [main] DEBUG org.apache.http.impl.execchain.MainClientExec -- Opening connection {s}->https://gorest.co.in:443
15:30:49.391 [main] DEBUG org.apache.http.impl.conn.DefaultHttpClientConnectionOperator -- Connecting to gorest.co.in/172.67.157.231:443
15:30:49.391 [main] DEBUG org.apache.http.conn.ssl.SSLConnectionSocketFactory -- Connecting socket to gorest.co.in/172.67.157.231:443 with timeout 30000
15:30:49.648 [main] DEBUG org.apache.http.conn.ssl.SSLConnectionSocketFactory -- Enabled protocols: [TLSv1.3, TLSv1.2]
15:30:49.648 [main] DEBUG org.apache.http.conn.ssl.SSLConnectionSocketFactory -- Enabled cipher suites:[TLS_AES_256_GCM_SHA384, TLS_AES_128_GCM_SHA256, TLS_CHACHA20_POLY1305_SHA256, TLS_ECDHE_ECDSA_WITH_AES_256_GCM_SHA384, TLS_ECDHE_ECDSA_WITH_AES_128_GCM_SHA256, TLS_ECDHE_ECDSA_WITH_CHACHA20_POLY1305_SHA256, TLS_ECDHE_RSA_WITH_AES_256_GCM_SHA384, TLS_ECDHE_RSA_WITH_CHACHA20_POLY1305_SHA256, TLS_ECDHE_RSA_WITH_AES_128_GCM_SHA256, TLS_DHE_RSA_WITH_AES_256_GCM_SHA384, TLS_DHE_RSA_WITH_CHACHA20_POLY1305_SHA256, TLS_DHE_DSS_WITH_AES_256_GCM_SHA384, TLS_DHE_RSA_WITH_AES_128_GCM_SHA256, TLS_DHE_DSS_WITH_AES_128_GCM_SHA256, TLS_ECDHE_ECDSA_WITH_AES_256_CBC_SHA384, TLS_ECDHE_RSA_WITH_AES_256_CBC_SHA384, TLS_ECDHE_ECDSA_WITH_AES_128_CBC_SHA256, TLS_ECDHE_RSA_WITH_AES_128_CBC_SHA256, TLS_DHE_RSA_WITH_AES_256_CBC_SHA256, TLS_DHE_DSS_WITH_AES_256_CBC_SHA256, TLS_DHE_RSA_WITH_AES_128_CBC_SHA256, TLS_DHE_DSS_WITH_AES_128_CBC_SHA256, TLS_ECDH_ECDSA_WITH_AES_256_GCM_SHA384, TLS_ECDH_RSA_WITH_AES_256_GCM_SHA384, TLS_ECDH_ECDSA_WITH_AES_128_GCM_SHA256, TLS_ECDH_RSA_WITH_AES_128_GCM_SHA256, TLS_ECDH_ECDSA_WITH_AES_256_CBC_SHA384, TLS_ECDH_RSA_WITH_AES_256_CBC_SHA384, TLS_ECDH_ECDSA_WITH_AES_128_CBC_SHA256, TLS_ECDH_RSA_WITH_AES_128_CBC_SHA256, TLS_ECDHE_ECDSA_WITH_AES_256_CBC_SHA, TLS_ECDHE_RSA_WITH_AES_256_CBC_SHA, TLS_ECDHE_ECDSA_WITH_AES_128_CBC_SHA, TLS_ECDHE_RSA_WITH_AES_128_CBC_SHA, TLS_DHE_RSA_WITH_AES_256_CBC_SHA, TLS_DHE_DSS_WITH_AES_256_CBC_SHA, TLS_DHE_RSA_WITH_AES_128_CBC_SHA, TLS_DHE_DSS_WITH_AES_128_CBC_SHA, TLS_ECDH_ECDSA_WITH_AES_256_CBC_SHA, TLS_ECDH_RSA_WITH_AES_256_CBC_SHA, TLS_ECDH_ECDSA_WITH_AES_128_CBC_SHA, TLS_ECDH_RSA_WITH_AES_128_CBC_SHA, TLS_RSA_WITH_AES_256_GCM_SHA384, TLS_RSA_WITH_AES_128_GCM_SHA256, TLS_RSA_WITH_AES_256_CBC_SHA256, TLS_RSA_WITH_AES_128_CBC_SHA256, TLS_RSA_WITH_AES_256_CBC_SHA, TLS_RSA_WITH_AES_128_CBC_SHA, TLS_EMPTY_RENEGOTIATION_INFO_SCSV]
15:30:49.649 [main] DEBUG org.apache.http.conn.ssl.SSLConnectionSocketFactory -- Starting handshake
15:30:49.973 [main] DEBUG org.apache.http.conn.ssl.SSLConnectionSocketFactory -- Secure session established
15:30:49.973 [main] DEBUG org.apache.http.conn.ssl.SSLConnectionSocketFactory --  negotiated protocol: TLSv1.3
15:30:49.973 [main] DEBUG org.apache.http.conn.ssl.SSLConnectionSocketFactory --  negotiated cipher suite: TLS_AES_256_GCM_SHA384
15:30:49.973 [main] DEBUG org.apache.http.conn.ssl.SSLConnectionSocketFactory --  peer principal: CN=gorest.co.in
15:30:49.973 [main] DEBUG org.apache.http.conn.ssl.SSLConnectionSocketFactory --  peer alternative names: [gorest.co.in, *.gorest.co.in]
15:30:49.973 [main] DEBUG org.apache.http.conn.ssl.SSLConnectionSocketFactory --  issuer principal: CN=WE1, O=Google Trust Services, C=US
15:30:49.977 [main] DEBUG org.apache.http.impl.conn.DefaultHttpClientConnectionOperator -- Connection established 192.168.0.100:60941<->172.67.157.231:443
15:30:49.977 [main] DEBUG org.apache.http.impl.conn.DefaultManagedHttpClientConnection -- http-outgoing-0: set socket timeout to 30000
15:30:49.978 [main] DEBUG org.apache.http.impl.execchain.MainClientExec -- Executing request POST /public/v2/users HTTP/1.1
15:30:49.978 [main] DEBUG org.apache.http.impl.execchain.MainClientExec -- Proxy auth state: UNCHALLENGED
15:30:49.980 [main] DEBUG org.apache.http.headers -- http-outgoing-0 >> POST /public/v2/users HTTP/1.1
15:30:49.980 [main] DEBUG org.apache.http.headers -- http-outgoing-0 >> Content-Type: application/json; charset=UTF-8
15:30:49.980 [main] DEBUG org.apache.http.headers -- http-outgoing-0 >> Authorization: Bearer de7d574dd697fd2862e7c9214a9cda120b8f63662399395662f3c34c1373af85
15:30:49.980 [main] DEBUG org.apache.http.headers -- http-outgoing-0 >> Content-Length: 94
15:30:49.980 [main] DEBUG org.apache.http.headers -- http-outgoing-0 >> Host: gorest.co.in
15:30:49.980 [main] DEBUG org.apache.http.headers -- http-outgoing-0 >> Connection: Keep-Alive
15:30:49.980 [main] DEBUG org.apache.http.headers -- http-outgoing-0 >> User-Agent: Apache-HttpClient/4.5.14 (Java/18.0.1)
15:30:49.980 [main] DEBUG org.apache.http.headers -- http-outgoing-0 >> Accept-Encoding: gzip,deflate
15:30:49.981 [main] DEBUG org.apache.http.wire -- http-outgoing-0 >> "POST /public/v2/users HTTP/1.1[\r][\n]"
15:30:49.981 [main] DEBUG org.apache.http.wire -- http-outgoing-0 >> "Content-Type: application/json; charset=UTF-8[\r][\n]"
15:30:49.981 [main] DEBUG org.apache.http.wire -- http-outgoing-0 >> "Authorization: Bearer de7d574dd697fd2862e7c9214a9cda120b8f63662399395662f3c34c1373af85[\r][\n]"
15:30:49.981 [main] DEBUG org.apache.http.wire -- http-outgoing-0 >> "Content-Length: 94[\r][\n]"
15:30:49.981 [main] DEBUG org.apache.http.wire -- http-outgoing-0 >> "Host: gorest.co.in[\r][\n]"
15:30:49.981 [main] DEBUG org.apache.http.wire -- http-outgoing-0 >> "Connection: Keep-Alive[\r][\n]"
15:30:49.981 [main] DEBUG org.apache.http.wire -- http-outgoing-0 >> "User-Agent: Apache-HttpClient/4.5.14 (Java/18.0.1)[\r][\n]"
15:30:49.981 [main] DEBUG org.apache.http.wire -- http-outgoing-0 >> "Accept-Encoding: gzip,deflate[\r][\n]"
15:30:49.982 [main] DEBUG org.apache.http.wire -- http-outgoing-0 >> "[\r][\n]"
15:30:49.982 [main] DEBUG org.apache.http.wire -- http-outgoing-0 >> "{"gender":"Female","name":"Kurtis Blanda","email":"alphonse+2883@gmail.com","status":"Active"}"
15:30:50.745 [main] DEBUG org.apache.http.wire -- http-outgoing-0 << "HTTP/1.1 201 Created[\r][\n]"
15:30:50.745 [main] DEBUG org.apache.http.wire -- http-outgoing-0 << "Date: Sun, 15 Jun 2025 10:00:52 GMT[\r][\n]"
15:30:50.745 [main] DEBUG org.apache.http.wire -- http-outgoing-0 << "Content-Type: application/json; charset=utf-8[\r][\n]"
15:30:50.746 [main] DEBUG org.apache.http.wire -- http-outgoing-0 << "Content-Length: 107[\r][\n]"
15:30:50.746 [main] DEBUG org.apache.http.wire -- http-outgoing-0 << "Connection: keep-alive[\r][\n]"
15:30:50.746 [main] DEBUG org.apache.http.wire -- http-outgoing-0 << "Cache-Control: max-age=0, private, must-revalidate[\r][\n]"
15:30:50.746 [main] DEBUG org.apache.http.wire -- http-outgoing-0 << "Etag: W/"25db1d6975dfab7b2fbffadcd2cecd28"[\r][\n]"
15:30:50.746 [main] DEBUG org.apache.http.wire -- http-outgoing-0 << "Feature-Policy: camera 'none'; gyroscope 'none'; microphone 'none'; usb 'none'; fullscreen 'self'[\r][\n]"
15:30:50.746 [main] DEBUG org.apache.http.wire -- http-outgoing-0 << "Location: https://gorest.co.in/public/v2/users/7947951[\r][\n]"
15:30:50.746 [main] DEBUG org.apache.http.wire -- http-outgoing-0 << "Referrer-Policy: strict-origin-when-cross-origin[\r][\n]"
15:30:50.746 [main] DEBUG org.apache.http.wire -- http-outgoing-0 << "Vary: Origin[\r][\n]"
15:30:50.746 [main] DEBUG org.apache.http.wire -- http-outgoing-0 << "X-Content-Type-Options: nosniff[\r][\n]"
15:30:50.746 [main] DEBUG org.apache.http.wire -- http-outgoing-0 << "X-Download-Options: noopen[\r][\n]"
15:30:50.746 [main] DEBUG org.apache.http.wire -- http-outgoing-0 << "X-Frame-Options: SAMEORIGIN[\r][\n]"
15:30:50.746 [main] DEBUG org.apache.http.wire -- http-outgoing-0 << "X-Permitted-Cross-Domain-Policies: none[\r][\n]"
15:30:50.746 [main] DEBUG org.apache.http.wire -- http-outgoing-0 << "X-Ratelimit-Limit: 90[\r][\n]"
15:30:50.747 [main] DEBUG org.apache.http.wire -- http-outgoing-0 << "X-Ratelimit-Remaining: 89[\r][\n]"
15:30:50.747 [main] DEBUG org.apache.http.wire -- http-outgoing-0 << "X-Ratelimit-Reset: 1[\r][\n]"
15:30:50.747 [main] DEBUG org.apache.http.wire -- http-outgoing-0 << "X-Request-Id: ed876251-94ac-4be7-a62e-f467447d289b[\r][\n]"
15:30:50.747 [main] DEBUG org.apache.http.wire -- http-outgoing-0 << "X-Runtime: 0.079616[\r][\n]"
15:30:50.747 [main] DEBUG org.apache.http.wire -- http-outgoing-0 << "X-Xss-Protection: 0[\r][\n]"
15:30:50.747 [main] DEBUG org.apache.http.wire -- http-outgoing-0 << "Cf-Cache-Status: DYNAMIC[\r][\n]"
15:30:50.747 [main] DEBUG org.apache.http.wire -- http-outgoing-0 << "Nel: {"report_to":"cf-nel","success_fraction":0.0,"max_age":604800}[\r][\n]"
15:30:50.747 [main] DEBUG org.apache.http.wire -- http-outgoing-0 << "Report-To: {"group":"cf-nel","max_age":604800,"endpoints":[{"url":"https://a.nel.cloudflare.com/report/v4?s=uiElvUjyoFsQw9P6imtknHnkSCnuW10qgI%2BAR%2F1NqCrrSXpWynUOroWqYluIAq%2BUYpcOxEVQYMH3trCCJmIyoZkRBXX9t8eD%2FTHcyQ%3D%3D"}]}[\r][\n]"
15:30:50.747 [main] DEBUG org.apache.http.wire -- http-outgoing-0 << "Server: cloudflare[\r][\n]"
15:30:50.747 [main] DEBUG org.apache.http.wire -- http-outgoing-0 << "CF-RAY: 9501390dfec96403-LHR[\r][\n]"
15:30:50.747 [main] DEBUG org.apache.http.wire -- http-outgoing-0 << "alt-svc: h3=":443"; ma=86400[\r][\n]"
15:30:50.747 [main] DEBUG org.apache.http.wire -- http-outgoing-0 << "[\r][\n]"
15:30:50.747 [main] DEBUG org.apache.http.wire -- http-outgoing-0 << "{"id":7947951,"name":"Kurtis Blanda","email":"alphonse+2883@gmail.com","gender":"female","status":"active"}"
15:30:50.750 [main] DEBUG org.apache.http.headers -- http-outgoing-0 << HTTP/1.1 201 Created
15:30:50.750 [main] DEBUG org.apache.http.headers -- http-outgoing-0 << Date: Sun, 15 Jun 2025 10:00:52 GMT
15:30:50.750 [main] DEBUG org.apache.http.headers -- http-outgoing-0 << Content-Type: application/json; charset=utf-8
15:30:50.750 [main] DEBUG org.apache.http.headers -- http-outgoing-0 << Content-Length: 107
15:30:50.750 [main] DEBUG org.apache.http.headers -- http-outgoing-0 << Connection: keep-alive
15:30:50.750 [main] DEBUG org.apache.http.headers -- http-outgoing-0 << Cache-Control: max-age=0, private, must-revalidate
15:30:50.750 [main] DEBUG org.apache.http.headers -- http-outgoing-0 << Etag: W/"25db1d6975dfab7b2fbffadcd2cecd28"
15:30:50.750 [main] DEBUG org.apache.http.headers -- http-outgoing-0 << Feature-Policy: camera 'none'; gyroscope 'none'; microphone 'none'; usb 'none'; fullscreen 'self'
15:30:50.750 [main] DEBUG org.apache.http.headers -- http-outgoing-0 << Location: https://gorest.co.in/public/v2/users/7947951
15:30:50.751 [main] DEBUG org.apache.http.headers -- http-outgoing-0 << Referrer-Policy: strict-origin-when-cross-origin
15:30:50.751 [main] DEBUG org.apache.http.headers -- http-outgoing-0 << Vary: Origin
15:30:50.751 [main] DEBUG org.apache.http.headers -- http-outgoing-0 << X-Content-Type-Options: nosniff
15:30:50.751 [main] DEBUG org.apache.http.headers -- http-outgoing-0 << X-Download-Options: noopen
15:30:50.751 [main] DEBUG org.apache.http.headers -- http-outgoing-0 << X-Frame-Options: SAMEORIGIN
15:30:50.751 [main] DEBUG org.apache.http.headers -- http-outgoing-0 << X-Permitted-Cross-Domain-Policies: none
15:30:50.751 [main] DEBUG org.apache.http.headers -- http-outgoing-0 << X-Ratelimit-Limit: 90
15:30:50.751 [main] DEBUG org.apache.http.headers -- http-outgoing-0 << X-Ratelimit-Remaining: 89
15:30:50.751 [main] DEBUG org.apache.http.headers -- http-outgoing-0 << X-Ratelimit-Reset: 1
15:30:50.751 [main] DEBUG org.apache.http.headers -- http-outgoing-0 << X-Request-Id: ed876251-94ac-4be7-a62e-f467447d289b
15:30:50.751 [main] DEBUG org.apache.http.headers -- http-outgoing-0 << X-Runtime: 0.079616
15:30:50.751 [main] DEBUG org.apache.http.headers -- http-outgoing-0 << X-Xss-Protection: 0
15:30:50.751 [main] DEBUG org.apache.http.headers -- http-outgoing-0 << Cf-Cache-Status: DYNAMIC
15:30:50.751 [main] DEBUG org.apache.http.headers -- http-outgoing-0 << Nel: {"report_to":"cf-nel","success_fraction":0.0,"max_age":604800}
15:30:50.751 [main] DEBUG org.apache.http.headers -- http-outgoing-0 << Report-To: {"group":"cf-nel","max_age":604800,"endpoints":[{"url":"https://a.nel.cloudflare.com/report/v4?s=uiElvUjyoFsQw9P6imtknHnkSCnuW10qgI%2BAR%2F1NqCrrSXpWynUOroWqYluIAq%2BUYpcOxEVQYMH3trCCJmIyoZkRBXX9t8eD%2FTHcyQ%3D%3D"}]}
15:30:50.751 [main] DEBUG org.apache.http.headers -- http-outgoing-0 << Server: cloudflare
15:30:50.751 [main] DEBUG org.apache.http.headers -- http-outgoing-0 << CF-RAY: 9501390dfec96403-LHR
15:30:50.751 [main] DEBUG org.apache.http.headers -- http-outgoing-0 << alt-svc: h3=":443"; ma=86400
15:30:50.755 [main] DEBUG org.apache.http.impl.execchain.MainClientExec -- Connection can be kept alive indefinitely
15:30:50.758 [main] DEBUG org.apache.http.impl.conn.PoolingHttpClientConnectionManager -- Connection [id: 0][route: {s}->https://gorest.co.in:443] can be kept alive indefinitely
15:30:50.759 [main] DEBUG org.apache.http.impl.conn.DefaultManagedHttpClientConnection -- http-outgoing-0: set socket timeout to 0
15:30:50.759 [main] DEBUG org.apache.http.impl.conn.PoolingHttpClientConnectionManager -- Connection released: [id: 0][route: {s}->https://gorest.co.in:443][total available: 1; route allocated: 1 of 5; total allocated: 1 of 10]
15:30:50.759 [main] DEBUG org.apache.http.impl.conn.PoolingHttpClientConnectionManager -- Connection manager is shutting down
15:30:50.762 [main] DEBUG org.apache.http.impl.conn.DefaultManagedHttpClientConnection -- http-outgoing-0: Close connection
15:30:50.764 [main] DEBUG org.apache.http.impl.conn.PoolingHttpClientConnectionManager -- Connection manager shut down
15:30:50.766 [main] DEBUG com.intuit.karate -- response time in milliseconds: 1401
1 < 201
1 < Date: Sun, 15 Jun 2025 10:00:52 GMT
1 < Content-Type: application/json; charset=utf-8
1 < Content-Length: 107
1 < Connection: keep-alive
1 < Cache-Control: max-age=0, private, must-revalidate
1 < Etag: W/"25db1d6975dfab7b2fbffadcd2cecd28"
1 < Feature-Policy: camera 'none'; gyroscope 'none'; microphone 'none'; usb 'none'; fullscreen 'self'
1 < Location: https://gorest.co.in/public/v2/users/7947951
1 < Referrer-Policy: strict-origin-when-cross-origin
1 < Vary: Origin
1 < X-Content-Type-Options: nosniff
1 < X-Download-Options: noopen
1 < X-Frame-Options: SAMEORIGIN
1 < X-Permitted-Cross-Domain-Policies: none
1 < X-Ratelimit-Limit: 90
1 < X-Ratelimit-Remaining: 89
1 < X-Ratelimit-Reset: 1
1 < X-Request-Id: ed876251-94ac-4be7-a62e-f467447d289b
1 < X-Runtime: 0.079616
1 < X-Xss-Protection: 0
1 < Cf-Cache-Status: DYNAMIC
1 < Nel: {"report_to":"cf-nel","success_fraction":0.0,"max_age":604800}
1 < Report-To: {"group":"cf-nel","max_age":604800,"endpoints":[{"url":"https://a.nel.cloudflare.com/report/v4?s=uiElvUjyoFsQw9P6imtknHnkSCnuW10qgI%2BAR%2F1NqCrrSXpWynUOroWqYluIAq%2BUYpcOxEVQYMH3trCCJmIyoZkRBXX9t8eD%2FTHcyQ%3D%3D"}]}
1 < Server: cloudflare
1 < CF-RAY: 9501390dfec96403-LHR
1 < alt-svc: h3=":443"; ma=86400
{"id":7947951,"name":"Kurtis Blanda","email":"alphonse+2883@gmail.com","gender":"female","status":"active"}

15:30:50.776 [main] INFO com.intuit.karate -- [print] Response: {
  "id": 7947951,
  "name": "Kurtis Blanda",
  "email": "alphonse+2883@gmail.com",
  "gender": "female",
  "status": "active"
}
 
]]></system-out>
  </testcase>
  <testcase name="[2:23] Get and Update user details in one flow" classname="Features/UserCreation" time="2.756">
    <system-out><![CDATA[15:30:50.820 [main] DEBUG org.apache.http.client.protocol.RequestAddCookies -- CookieSpec selected: karate
15:30:50.821 [main] DEBUG org.apache.http.client.protocol.RequestAuthCache -- Auth cache not set in the context
15:30:50.821 [main] DEBUG com.intuit.karate -- request:
1 > GET https://gorest.co.in/public/v2/users/7947951
1 > Authorization: Bearer de7d574dd697fd2862e7c9214a9cda120b8f63662399395662f3c34c1373af85
1 > Host: gorest.co.in
1 > Connection: Keep-Alive
1 > User-Agent: Apache-HttpClient/4.5.14 (Java/18.0.1)
1 > Accept-Encoding: gzip,deflate


15:30:50.821 [main] DEBUG org.apache.http.impl.conn.PoolingHttpClientConnectionManager -- Connection request: [route: {s}->https://gorest.co.in:443][total available: 0; route allocated: 0 of 5; total allocated: 0 of 10]
15:30:50.821 [main] DEBUG org.apache.http.impl.conn.PoolingHttpClientConnectionManager -- Connection leased: [id: 1][route: {s}->https://gorest.co.in:443][total available: 0; route allocated: 1 of 5; total allocated: 1 of 10]
15:30:50.821 [main] DEBUG org.apache.http.impl.execchain.MainClientExec -- Opening connection {s}->https://gorest.co.in:443
15:30:50.821 [main] DEBUG org.apache.http.impl.conn.DefaultHttpClientConnectionOperator -- Connecting to gorest.co.in/172.67.157.231:443
15:30:50.821 [main] DEBUG org.apache.http.conn.ssl.SSLConnectionSocketFactory -- Connecting socket to gorest.co.in/172.67.157.231:443 with timeout 30000
15:30:51.000 [main] DEBUG org.apache.http.conn.ssl.SSLConnectionSocketFactory -- Enabled protocols: [TLSv1.3, TLSv1.2]
15:30:51.001 [main] DEBUG org.apache.http.conn.ssl.SSLConnectionSocketFactory -- Enabled cipher suites:[TLS_AES_256_GCM_SHA384, TLS_AES_128_GCM_SHA256, TLS_CHACHA20_POLY1305_SHA256, TLS_ECDHE_ECDSA_WITH_AES_256_GCM_SHA384, TLS_ECDHE_ECDSA_WITH_AES_128_GCM_SHA256, TLS_ECDHE_ECDSA_WITH_CHACHA20_POLY1305_SHA256, TLS_ECDHE_RSA_WITH_AES_256_GCM_SHA384, TLS_ECDHE_RSA_WITH_CHACHA20_POLY1305_SHA256, TLS_ECDHE_RSA_WITH_AES_128_GCM_SHA256, TLS_DHE_RSA_WITH_AES_256_GCM_SHA384, TLS_DHE_RSA_WITH_CHACHA20_POLY1305_SHA256, TLS_DHE_DSS_WITH_AES_256_GCM_SHA384, TLS_DHE_RSA_WITH_AES_128_GCM_SHA256, TLS_DHE_DSS_WITH_AES_128_GCM_SHA256, TLS_ECDHE_ECDSA_WITH_AES_256_CBC_SHA384, TLS_ECDHE_RSA_WITH_AES_256_CBC_SHA384, TLS_ECDHE_ECDSA_WITH_AES_128_CBC_SHA256, TLS_ECDHE_RSA_WITH_AES_128_CBC_SHA256, TLS_DHE_RSA_WITH_AES_256_CBC_SHA256, TLS_DHE_DSS_WITH_AES_256_CBC_SHA256, TLS_DHE_RSA_WITH_AES_128_CBC_SHA256, TLS_DHE_DSS_WITH_AES_128_CBC_SHA256, TLS_ECDH_ECDSA_WITH_AES_256_GCM_SHA384, TLS_ECDH_RSA_WITH_AES_256_GCM_SHA384, TLS_ECDH_ECDSA_WITH_AES_128_GCM_SHA256, TLS_ECDH_RSA_WITH_AES_128_GCM_SHA256, TLS_ECDH_ECDSA_WITH_AES_256_CBC_SHA384, TLS_ECDH_RSA_WITH_AES_256_CBC_SHA384, TLS_ECDH_ECDSA_WITH_AES_128_CBC_SHA256, TLS_ECDH_RSA_WITH_AES_128_CBC_SHA256, TLS_ECDHE_ECDSA_WITH_AES_256_CBC_SHA, TLS_ECDHE_RSA_WITH_AES_256_CBC_SHA, TLS_ECDHE_ECDSA_WITH_AES_128_CBC_SHA, TLS_ECDHE_RSA_WITH_AES_128_CBC_SHA, TLS_DHE_RSA_WITH_AES_256_CBC_SHA, TLS_DHE_DSS_WITH_AES_256_CBC_SHA, TLS_DHE_RSA_WITH_AES_128_CBC_SHA, TLS_DHE_DSS_WITH_AES_128_CBC_SHA, TLS_ECDH_ECDSA_WITH_AES_256_CBC_SHA, TLS_ECDH_RSA_WITH_AES_256_CBC_SHA, TLS_ECDH_ECDSA_WITH_AES_128_CBC_SHA, TLS_ECDH_RSA_WITH_AES_128_CBC_SHA, TLS_RSA_WITH_AES_256_GCM_SHA384, TLS_RSA_WITH_AES_128_GCM_SHA256, TLS_RSA_WITH_AES_256_CBC_SHA256, TLS_RSA_WITH_AES_128_CBC_SHA256, TLS_RSA_WITH_AES_256_CBC_SHA, TLS_RSA_WITH_AES_128_CBC_SHA, TLS_EMPTY_RENEGOTIATION_INFO_SCSV]
15:30:51.001 [main] DEBUG org.apache.http.conn.ssl.SSLConnectionSocketFactory -- Starting handshake
15:30:51.197 [main] DEBUG org.apache.http.conn.ssl.SSLConnectionSocketFactory -- Secure session established
15:30:51.197 [main] DEBUG org.apache.http.conn.ssl.SSLConnectionSocketFactory --  negotiated protocol: TLSv1.3
15:30:51.197 [main] DEBUG org.apache.http.conn.ssl.SSLConnectionSocketFactory --  negotiated cipher suite: TLS_AES_256_GCM_SHA384
15:30:51.198 [main] DEBUG org.apache.http.conn.ssl.SSLConnectionSocketFactory --  peer principal: CN=gorest.co.in
15:30:51.198 [main] DEBUG org.apache.http.conn.ssl.SSLConnectionSocketFactory --  peer alternative names: [gorest.co.in, *.gorest.co.in]
15:30:51.198 [main] DEBUG org.apache.http.conn.ssl.SSLConnectionSocketFactory --  issuer principal: CN=WE1, O=Google Trust Services, C=US
15:30:51.198 [main] DEBUG org.apache.http.impl.conn.DefaultHttpClientConnectionOperator -- Connection established 192.168.0.100:60945<->172.67.157.231:443
15:30:51.198 [main] DEBUG org.apache.http.impl.conn.DefaultManagedHttpClientConnection -- http-outgoing-1: set socket timeout to 30000
15:30:51.198 [main] DEBUG org.apache.http.impl.execchain.MainClientExec -- Executing request GET /public/v2/users/7947951 HTTP/1.1
15:30:51.199 [main] DEBUG org.apache.http.impl.execchain.MainClientExec -- Proxy auth state: UNCHALLENGED
15:30:51.199 [main] DEBUG org.apache.http.headers -- http-outgoing-1 >> GET /public/v2/users/7947951 HTTP/1.1
15:30:51.199 [main] DEBUG org.apache.http.headers -- http-outgoing-1 >> Authorization: Bearer de7d574dd697fd2862e7c9214a9cda120b8f63662399395662f3c34c1373af85
15:30:51.199 [main] DEBUG org.apache.http.headers -- http-outgoing-1 >> Host: gorest.co.in
15:30:51.199 [main] DEBUG org.apache.http.headers -- http-outgoing-1 >> Connection: Keep-Alive
15:30:51.199 [main] DEBUG org.apache.http.headers -- http-outgoing-1 >> User-Agent: Apache-HttpClient/4.5.14 (Java/18.0.1)
15:30:51.199 [main] DEBUG org.apache.http.headers -- http-outgoing-1 >> Accept-Encoding: gzip,deflate
15:30:51.199 [main] DEBUG org.apache.http.wire -- http-outgoing-1 >> "GET /public/v2/users/7947951 HTTP/1.1[\r][\n]"
15:30:51.200 [main] DEBUG org.apache.http.wire -- http-outgoing-1 >> "Authorization: Bearer de7d574dd697fd2862e7c9214a9cda120b8f63662399395662f3c34c1373af85[\r][\n]"
15:30:51.200 [main] DEBUG org.apache.http.wire -- http-outgoing-1 >> "Host: gorest.co.in[\r][\n]"
15:30:51.200 [main] DEBUG org.apache.http.wire -- http-outgoing-1 >> "Connection: Keep-Alive[\r][\n]"
15:30:51.200 [main] DEBUG org.apache.http.wire -- http-outgoing-1 >> "User-Agent: Apache-HttpClient/4.5.14 (Java/18.0.1)[\r][\n]"
15:30:51.200 [main] DEBUG org.apache.http.wire -- http-outgoing-1 >> "Accept-Encoding: gzip,deflate[\r][\n]"
15:30:51.200 [main] DEBUG org.apache.http.wire -- http-outgoing-1 >> "[\r][\n]"
15:30:51.906 [main] DEBUG org.apache.http.wire -- http-outgoing-1 << "HTTP/1.1 200 OK[\r][\n]"
15:30:51.907 [main] DEBUG org.apache.http.wire -- http-outgoing-1 << "Date: Sun, 15 Jun 2025 10:00:53 GMT[\r][\n]"
15:30:51.907 [main] DEBUG org.apache.http.wire -- http-outgoing-1 << "Content-Type: application/json; charset=utf-8[\r][\n]"
15:30:51.907 [main] DEBUG org.apache.http.wire -- http-outgoing-1 << "Transfer-Encoding: chunked[\r][\n]"
15:30:51.907 [main] DEBUG org.apache.http.wire -- http-outgoing-1 << "Connection: keep-alive[\r][\n]"
15:30:51.907 [main] DEBUG org.apache.http.wire -- http-outgoing-1 << "Cache-Control: max-age=0, private, must-revalidate[\r][\n]"
15:30:51.907 [main] DEBUG org.apache.http.wire -- http-outgoing-1 << "Etag: W/"25db1d6975dfab7b2fbffadcd2cecd28"[\r][\n]"
15:30:51.907 [main] DEBUG org.apache.http.wire -- http-outgoing-1 << "Feature-Policy: camera 'none'; gyroscope 'none'; microphone 'none'; usb 'none'; fullscreen 'self'[\r][\n]"
15:30:51.907 [main] DEBUG org.apache.http.wire -- http-outgoing-1 << "Referrer-Policy: strict-origin-when-cross-origin[\r][\n]"
15:30:51.907 [main] DEBUG org.apache.http.wire -- http-outgoing-1 << "Vary: Origin[\r][\n]"
15:30:51.907 [main] DEBUG org.apache.http.wire -- http-outgoing-1 << "X-Content-Type-Options: nosniff[\r][\n]"
15:30:51.907 [main] DEBUG org.apache.http.wire -- http-outgoing-1 << "X-Download-Options: noopen[\r][\n]"
15:30:51.907 [main] DEBUG org.apache.http.wire -- http-outgoing-1 << "X-Frame-Options: SAMEORIGIN[\r][\n]"
15:30:51.907 [main] DEBUG org.apache.http.wire -- http-outgoing-1 << "X-Permitted-Cross-Domain-Policies: none[\r][\n]"
15:30:51.907 [main] DEBUG org.apache.http.wire -- http-outgoing-1 << "X-Ratelimit-Limit: 90[\r][\n]"
15:30:51.907 [main] DEBUG org.apache.http.wire -- http-outgoing-1 << "X-Ratelimit-Remaining: 89[\r][\n]"
15:30:51.907 [main] DEBUG org.apache.http.wire -- http-outgoing-1 << "X-Ratelimit-Reset: 1[\r][\n]"
15:30:51.907 [main] DEBUG org.apache.http.wire -- http-outgoing-1 << "X-Request-Id: c61db36f-57db-4b77-959a-b9d1e5a89c18[\r][\n]"
15:30:51.907 [main] DEBUG org.apache.http.wire -- http-outgoing-1 << "X-Runtime: 0.045202[\r][\n]"
15:30:51.907 [main] DEBUG org.apache.http.wire -- http-outgoing-1 << "X-Xss-Protection: 0[\r][\n]"
15:30:51.908 [main] DEBUG org.apache.http.wire -- http-outgoing-1 << "Cf-Cache-Status: DYNAMIC[\r][\n]"
15:30:51.908 [main] DEBUG org.apache.http.wire -- http-outgoing-1 << "Nel: {"report_to":"cf-nel","success_fraction":0.0,"max_age":604800}[\r][\n]"
15:30:51.908 [main] DEBUG org.apache.http.wire -- http-outgoing-1 << "Report-To: {"group":"cf-nel","max_age":604800,"endpoints":[{"url":"https://a.nel.cloudflare.com/report/v4?s=%2FuHvtEc%2BwaT1YcyITRvqaG2Pit1WrDygHeTxPRgZBR4y4tsbu6WImgvV3TZPm8hO%2F0%2BHpWqcjV4eCPTtLDO6F0buPbI7htIj1f%2B9VQ%3D%3D"}]}[\r][\n]"
15:30:51.908 [main] DEBUG org.apache.http.wire -- http-outgoing-1 << "Content-Encoding: gzip[\r][\n]"
15:30:51.908 [main] DEBUG org.apache.http.wire -- http-outgoing-1 << "Server: cloudflare[\r][\n]"
15:30:51.908 [main] DEBUG org.apache.http.wire -- http-outgoing-1 << "CF-RAY: 9501391588334182-LHR[\r][\n]"
15:30:51.908 [main] DEBUG org.apache.http.wire -- http-outgoing-1 << "alt-svc: h3=":443"; ma=86400[\r][\n]"
15:30:51.908 [main] DEBUG org.apache.http.wire -- http-outgoing-1 << "[\r][\n]"
15:30:51.908 [main] DEBUG org.apache.http.wire -- http-outgoing-1 << "72[\r][\n]"
15:30:51.908 [main] DEBUG org.apache.http.wire -- http-outgoing-1 << "[0x1f][0x8b][0x8][0x0][0x0][0x0][0x0][0x0][0x0][0xff][0x15][0xcb]9[\n]"
15:30:51.908 [main] DEBUG org.apache.http.wire -- http-outgoing-1 << "[0x80]0[0x10]@[0xd1][0xab][0xc8][0xb4][0x8a][0xe0][0x86]K%[0xb6][0x9e]b0c[0xc]d[0x91],6[0xe2][0xdd][0x9d][0xb4][0x9f][0xf7]_P[0x2][0x96]q[0xee][0xc7]yh*[0xb0]h[0x8][0x16][0xd8][0x93][0x8f]*[0x14][0x9b]F+[0x10]* [0x83]JsG}_[0xce][0x6]*[0xdb]i[0xea]V[0x99]k}8[0xc3]B[0x92][0x15][0xe4][0x99][0x9c]l5q[0x9][0x11]c[\n]"
15:30:51.908 [main] DEBUG org.apache.http.wire -- http-outgoing-1 << "y:[0xa2]z[0x8][0xbe][0x1f]/8[0xd7][0xb7]k[0x0][0x0][0x0][\r][\n]"
15:30:51.908 [main] DEBUG org.apache.http.headers -- http-outgoing-1 << HTTP/1.1 200 OK
15:30:51.908 [main] DEBUG org.apache.http.headers -- http-outgoing-1 << Date: Sun, 15 Jun 2025 10:00:53 GMT
15:30:51.908 [main] DEBUG org.apache.http.headers -- http-outgoing-1 << Content-Type: application/json; charset=utf-8
15:30:51.908 [main] DEBUG org.apache.http.headers -- http-outgoing-1 << Transfer-Encoding: chunked
15:30:51.908 [main] DEBUG org.apache.http.headers -- http-outgoing-1 << Connection: keep-alive
15:30:51.908 [main] DEBUG org.apache.http.headers -- http-outgoing-1 << Cache-Control: max-age=0, private, must-revalidate
15:30:51.908 [main] DEBUG org.apache.http.headers -- http-outgoing-1 << Etag: W/"25db1d6975dfab7b2fbffadcd2cecd28"
15:30:51.908 [main] DEBUG org.apache.http.headers -- http-outgoing-1 << Feature-Policy: camera 'none'; gyroscope 'none'; microphone 'none'; usb 'none'; fullscreen 'self'
15:30:51.908 [main] DEBUG org.apache.http.headers -- http-outgoing-1 << Referrer-Policy: strict-origin-when-cross-origin
15:30:51.908 [main] DEBUG org.apache.http.headers -- http-outgoing-1 << Vary: Origin
15:30:51.908 [main] DEBUG org.apache.http.headers -- http-outgoing-1 << X-Content-Type-Options: nosniff
15:30:51.908 [main] DEBUG org.apache.http.headers -- http-outgoing-1 << X-Download-Options: noopen
15:30:51.909 [main] DEBUG org.apache.http.headers -- http-outgoing-1 << X-Frame-Options: SAMEORIGIN
15:30:51.909 [main] DEBUG org.apache.http.headers -- http-outgoing-1 << X-Permitted-Cross-Domain-Policies: none
15:30:51.909 [main] DEBUG org.apache.http.headers -- http-outgoing-1 << X-Ratelimit-Limit: 90
15:30:51.909 [main] DEBUG org.apache.http.headers -- http-outgoing-1 << X-Ratelimit-Remaining: 89
15:30:51.909 [main] DEBUG org.apache.http.headers -- http-outgoing-1 << X-Ratelimit-Reset: 1
15:30:51.909 [main] DEBUG org.apache.http.headers -- http-outgoing-1 << X-Request-Id: c61db36f-57db-4b77-959a-b9d1e5a89c18
15:30:51.909 [main] DEBUG org.apache.http.headers -- http-outgoing-1 << X-Runtime: 0.045202
15:30:51.909 [main] DEBUG org.apache.http.headers -- http-outgoing-1 << X-Xss-Protection: 0
15:30:51.909 [main] DEBUG org.apache.http.headers -- http-outgoing-1 << Cf-Cache-Status: DYNAMIC
15:30:51.909 [main] DEBUG org.apache.http.headers -- http-outgoing-1 << Nel: {"report_to":"cf-nel","success_fraction":0.0,"max_age":604800}
15:30:51.909 [main] DEBUG org.apache.http.headers -- http-outgoing-1 << Report-To: {"group":"cf-nel","max_age":604800,"endpoints":[{"url":"https://a.nel.cloudflare.com/report/v4?s=%2FuHvtEc%2BwaT1YcyITRvqaG2Pit1WrDygHeTxPRgZBR4y4tsbu6WImgvV3TZPm8hO%2F0%2BHpWqcjV4eCPTtLDO6F0buPbI7htIj1f%2B9VQ%3D%3D"}]}
15:30:51.909 [main] DEBUG org.apache.http.headers -- http-outgoing-1 << Content-Encoding: gzip
15:30:51.909 [main] DEBUG org.apache.http.headers -- http-outgoing-1 << Server: cloudflare
15:30:51.909 [main] DEBUG org.apache.http.headers -- http-outgoing-1 << CF-RAY: 9501391588334182-LHR
15:30:51.909 [main] DEBUG org.apache.http.headers -- http-outgoing-1 << alt-svc: h3=":443"; ma=86400
15:30:51.912 [main] DEBUG org.apache.http.impl.execchain.MainClientExec -- Connection can be kept alive indefinitely
15:30:51.913 [main] DEBUG org.apache.http.impl.conn.DefaultManagedHttpClientConnection -- http-outgoing-1: Close connection
15:30:51.914 [main] DEBUG org.apache.http.impl.execchain.MainClientExec -- Connection discarded
15:30:51.914 [main] DEBUG org.apache.http.impl.conn.PoolingHttpClientConnectionManager -- Connection released: [id: 1][route: {s}->https://gorest.co.in:443][total available: 0; route allocated: 0 of 5; total allocated: 0 of 10]
15:30:51.915 [main] DEBUG org.apache.http.impl.conn.PoolingHttpClientConnectionManager -- Connection manager is shutting down
15:30:51.915 [main] DEBUG org.apache.http.impl.conn.PoolingHttpClientConnectionManager -- Connection manager shut down
15:30:51.915 [main] DEBUG com.intuit.karate -- response time in milliseconds: 1092
1 < 200
1 < Date: Sun, 15 Jun 2025 10:00:53 GMT
1 < Content-Type: application/json; charset=utf-8
1 < Transfer-Encoding: chunked
1 < Connection: keep-alive
1 < Cache-Control: max-age=0, private, must-revalidate
1 < Etag: W/"25db1d6975dfab7b2fbffadcd2cecd28"
1 < Feature-Policy: camera 'none'; gyroscope 'none'; microphone 'none'; usb 'none'; fullscreen 'self'
1 < Referrer-Policy: strict-origin-when-cross-origin
1 < Vary: Origin
1 < X-Content-Type-Options: nosniff
1 < X-Download-Options: noopen
1 < X-Frame-Options: SAMEORIGIN
1 < X-Permitted-Cross-Domain-Policies: none
1 < X-Ratelimit-Limit: 90
1 < X-Ratelimit-Remaining: 89
1 < X-Ratelimit-Reset: 1
1 < X-Request-Id: c61db36f-57db-4b77-959a-b9d1e5a89c18
1 < X-Runtime: 0.045202
1 < X-Xss-Protection: 0
1 < Cf-Cache-Status: DYNAMIC
1 < Nel: {"report_to":"cf-nel","success_fraction":0.0,"max_age":604800}
1 < Report-To: {"group":"cf-nel","max_age":604800,"endpoints":[{"url":"https://a.nel.cloudflare.com/report/v4?s=%2FuHvtEc%2BwaT1YcyITRvqaG2Pit1WrDygHeTxPRgZBR4y4tsbu6WImgvV3TZPm8hO%2F0%2BHpWqcjV4eCPTtLDO6F0buPbI7htIj1f%2B9VQ%3D%3D"}]}
1 < Server: cloudflare
1 < CF-RAY: 9501391588334182-LHR
1 < alt-svc: h3=":443"; ma=86400
{"id":7947951,"name":"Kurtis Blanda","email":"alphonse+2883@gmail.com","gender":"female","status":"active"}

15:30:52.010 [main] DEBUG org.apache.http.client.protocol.RequestAddCookies -- CookieSpec selected: karate
15:30:52.011 [main] DEBUG org.apache.http.client.protocol.RequestAuthCache -- Auth cache not set in the context
15:30:52.011 [main] DEBUG com.intuit.karate -- request:
2 > PUT https://gorest.co.in/public/v2/users/7947951
2 > Content-Type: application/json; charset=UTF-8
2 > Authorization: Bearer de7d574dd697fd2862e7c9214a9cda120b8f63662399395662f3c34c1373af85
2 > Content-Length: 116
2 > Host: gorest.co.in
2 > Connection: Keep-Alive
2 > User-Agent: Apache-HttpClient/4.5.14 (Java/18.0.1)
2 > Accept-Encoding: gzip,deflate
{"id":7947951,"name":"Kurtis Blanda6227","email":"alphonse+2883+6227@gmail.com","gender":"female","status":"active"}

15:30:52.011 [main] DEBUG org.apache.http.impl.conn.PoolingHttpClientConnectionManager -- Connection request: [route: {s}->https://gorest.co.in:443][total available: 0; route allocated: 0 of 5; total allocated: 0 of 10]
15:30:52.011 [main] DEBUG org.apache.http.impl.conn.PoolingHttpClientConnectionManager -- Connection leased: [id: 2][route: {s}->https://gorest.co.in:443][total available: 0; route allocated: 1 of 5; total allocated: 1 of 10]
15:30:52.011 [main] DEBUG org.apache.http.impl.execchain.MainClientExec -- Opening connection {s}->https://gorest.co.in:443
15:30:52.012 [main] DEBUG org.apache.http.impl.conn.DefaultHttpClientConnectionOperator -- Connecting to gorest.co.in/172.67.157.231:443
15:30:52.012 [main] DEBUG org.apache.http.conn.ssl.SSLConnectionSocketFactory -- Connecting socket to gorest.co.in/172.67.157.231:443 with timeout 30000
15:30:52.178 [main] DEBUG org.apache.http.conn.ssl.SSLConnectionSocketFactory -- Enabled protocols: [TLSv1.3, TLSv1.2]
15:30:52.178 [main] DEBUG org.apache.http.conn.ssl.SSLConnectionSocketFactory -- Enabled cipher suites:[TLS_AES_256_GCM_SHA384, TLS_AES_128_GCM_SHA256, TLS_CHACHA20_POLY1305_SHA256, TLS_ECDHE_ECDSA_WITH_AES_256_GCM_SHA384, TLS_ECDHE_ECDSA_WITH_AES_128_GCM_SHA256, TLS_ECDHE_ECDSA_WITH_CHACHA20_POLY1305_SHA256, TLS_ECDHE_RSA_WITH_AES_256_GCM_SHA384, TLS_ECDHE_RSA_WITH_CHACHA20_POLY1305_SHA256, TLS_ECDHE_RSA_WITH_AES_128_GCM_SHA256, TLS_DHE_RSA_WITH_AES_256_GCM_SHA384, TLS_DHE_RSA_WITH_CHACHA20_POLY1305_SHA256, TLS_DHE_DSS_WITH_AES_256_GCM_SHA384, TLS_DHE_RSA_WITH_AES_128_GCM_SHA256, TLS_DHE_DSS_WITH_AES_128_GCM_SHA256, TLS_ECDHE_ECDSA_WITH_AES_256_CBC_SHA384, TLS_ECDHE_RSA_WITH_AES_256_CBC_SHA384, TLS_ECDHE_ECDSA_WITH_AES_128_CBC_SHA256, TLS_ECDHE_RSA_WITH_AES_128_CBC_SHA256, TLS_DHE_RSA_WITH_AES_256_CBC_SHA256, TLS_DHE_DSS_WITH_AES_256_CBC_SHA256, TLS_DHE_RSA_WITH_AES_128_CBC_SHA256, TLS_DHE_DSS_WITH_AES_128_CBC_SHA256, TLS_ECDH_ECDSA_WITH_AES_256_GCM_SHA384, TLS_ECDH_RSA_WITH_AES_256_GCM_SHA384, TLS_ECDH_ECDSA_WITH_AES_128_GCM_SHA256, TLS_ECDH_RSA_WITH_AES_128_GCM_SHA256, TLS_ECDH_ECDSA_WITH_AES_256_CBC_SHA384, TLS_ECDH_RSA_WITH_AES_256_CBC_SHA384, TLS_ECDH_ECDSA_WITH_AES_128_CBC_SHA256, TLS_ECDH_RSA_WITH_AES_128_CBC_SHA256, TLS_ECDHE_ECDSA_WITH_AES_256_CBC_SHA, TLS_ECDHE_RSA_WITH_AES_256_CBC_SHA, TLS_ECDHE_ECDSA_WITH_AES_128_CBC_SHA, TLS_ECDHE_RSA_WITH_AES_128_CBC_SHA, TLS_DHE_RSA_WITH_AES_256_CBC_SHA, TLS_DHE_DSS_WITH_AES_256_CBC_SHA, TLS_DHE_RSA_WITH_AES_128_CBC_SHA, TLS_DHE_DSS_WITH_AES_128_CBC_SHA, TLS_ECDH_ECDSA_WITH_AES_256_CBC_SHA, TLS_ECDH_RSA_WITH_AES_256_CBC_SHA, TLS_ECDH_ECDSA_WITH_AES_128_CBC_SHA, TLS_ECDH_RSA_WITH_AES_128_CBC_SHA, TLS_RSA_WITH_AES_256_GCM_SHA384, TLS_RSA_WITH_AES_128_GCM_SHA256, TLS_RSA_WITH_AES_256_CBC_SHA256, TLS_RSA_WITH_AES_128_CBC_SHA256, TLS_RSA_WITH_AES_256_CBC_SHA, TLS_RSA_WITH_AES_128_CBC_SHA, TLS_EMPTY_RENEGOTIATION_INFO_SCSV]
15:30:52.178 [main] DEBUG org.apache.http.conn.ssl.SSLConnectionSocketFactory -- Starting handshake
15:30:52.364 [main] DEBUG org.apache.http.conn.ssl.SSLConnectionSocketFactory -- Secure session established
15:30:52.364 [main] DEBUG org.apache.http.conn.ssl.SSLConnectionSocketFactory --  negotiated protocol: TLSv1.3
15:30:52.364 [main] DEBUG org.apache.http.conn.ssl.SSLConnectionSocketFactory --  negotiated cipher suite: TLS_AES_256_GCM_SHA384
15:30:52.364 [main] DEBUG org.apache.http.conn.ssl.SSLConnectionSocketFactory --  peer principal: CN=gorest.co.in
15:30:52.365 [main] DEBUG org.apache.http.conn.ssl.SSLConnectionSocketFactory --  peer alternative names: [gorest.co.in, *.gorest.co.in]
15:30:52.365 [main] DEBUG org.apache.http.conn.ssl.SSLConnectionSocketFactory --  issuer principal: CN=WE1, O=Google Trust Services, C=US
15:30:52.365 [main] DEBUG org.apache.http.impl.conn.DefaultHttpClientConnectionOperator -- Connection established 192.168.0.100:60946<->172.67.157.231:443
15:30:52.365 [main] DEBUG org.apache.http.impl.conn.DefaultManagedHttpClientConnection -- http-outgoing-2: set socket timeout to 30000
15:30:52.365 [main] DEBUG org.apache.http.impl.execchain.MainClientExec -- Executing request PUT /public/v2/users/7947951 HTTP/1.1
15:30:52.365 [main] DEBUG org.apache.http.impl.execchain.MainClientExec -- Proxy auth state: UNCHALLENGED
15:30:52.365 [main] DEBUG org.apache.http.headers -- http-outgoing-2 >> PUT /public/v2/users/7947951 HTTP/1.1
15:30:52.366 [main] DEBUG org.apache.http.headers -- http-outgoing-2 >> Content-Type: application/json; charset=UTF-8
15:30:52.366 [main] DEBUG org.apache.http.headers -- http-outgoing-2 >> Authorization: Bearer de7d574dd697fd2862e7c9214a9cda120b8f63662399395662f3c34c1373af85
15:30:52.366 [main] DEBUG org.apache.http.headers -- http-outgoing-2 >> Content-Length: 116
15:30:52.366 [main] DEBUG org.apache.http.headers -- http-outgoing-2 >> Host: gorest.co.in
15:30:52.366 [main] DEBUG org.apache.http.headers -- http-outgoing-2 >> Connection: Keep-Alive
15:30:52.366 [main] DEBUG org.apache.http.headers -- http-outgoing-2 >> User-Agent: Apache-HttpClient/4.5.14 (Java/18.0.1)
15:30:52.366 [main] DEBUG org.apache.http.headers -- http-outgoing-2 >> Accept-Encoding: gzip,deflate
15:30:52.366 [main] DEBUG org.apache.http.wire -- http-outgoing-2 >> "PUT /public/v2/users/7947951 HTTP/1.1[\r][\n]"
15:30:52.366 [main] DEBUG org.apache.http.wire -- http-outgoing-2 >> "Content-Type: application/json; charset=UTF-8[\r][\n]"
15:30:52.366 [main] DEBUG org.apache.http.wire -- http-outgoing-2 >> "Authorization: Bearer de7d574dd697fd2862e7c9214a9cda120b8f63662399395662f3c34c1373af85[\r][\n]"
15:30:52.366 [main] DEBUG org.apache.http.wire -- http-outgoing-2 >> "Content-Length: 116[\r][\n]"
15:30:52.366 [main] DEBUG org.apache.http.wire -- http-outgoing-2 >> "Host: gorest.co.in[\r][\n]"
15:30:52.366 [main] DEBUG org.apache.http.wire -- http-outgoing-2 >> "Connection: Keep-Alive[\r][\n]"
15:30:52.366 [main] DEBUG org.apache.http.wire -- http-outgoing-2 >> "User-Agent: Apache-HttpClient/4.5.14 (Java/18.0.1)[\r][\n]"
15:30:52.366 [main] DEBUG org.apache.http.wire -- http-outgoing-2 >> "Accept-Encoding: gzip,deflate[\r][\n]"
15:30:52.366 [main] DEBUG org.apache.http.wire -- http-outgoing-2 >> "[\r][\n]"
15:30:52.366 [main] DEBUG org.apache.http.wire -- http-outgoing-2 >> "{"id":7947951,"name":"Kurtis Blanda6227","email":"alphonse+2883+6227@gmail.com","gender":"female","status":"active"}"
15:30:53.501 [main] DEBUG org.apache.http.wire -- http-outgoing-2 << "HTTP/1.1 200 OK[\r][\n]"
15:30:53.501 [main] DEBUG org.apache.http.wire -- http-outgoing-2 << "Date: Sun, 15 Jun 2025 10:00:55 GMT[\r][\n]"
15:30:53.501 [main] DEBUG org.apache.http.wire -- http-outgoing-2 << "Content-Type: application/json; charset=utf-8[\r][\n]"
15:30:53.501 [main] DEBUG org.apache.http.wire -- http-outgoing-2 << "Transfer-Encoding: chunked[\r][\n]"
15:30:53.501 [main] DEBUG org.apache.http.wire -- http-outgoing-2 << "Connection: keep-alive[\r][\n]"
15:30:53.501 [main] DEBUG org.apache.http.wire -- http-outgoing-2 << "Cache-Control: max-age=0, private, must-revalidate[\r][\n]"
15:30:53.501 [main] DEBUG org.apache.http.wire -- http-outgoing-2 << "Etag: W/"803be8692ce60358fff2b52b196e9bfb"[\r][\n]"
15:30:53.502 [main] DEBUG org.apache.http.wire -- http-outgoing-2 << "Feature-Policy: camera 'none'; gyroscope 'none'; microphone 'none'; usb 'none'; fullscreen 'self'[\r][\n]"
15:30:53.502 [main] DEBUG org.apache.http.wire -- http-outgoing-2 << "Referrer-Policy: strict-origin-when-cross-origin[\r][\n]"
15:30:53.502 [main] DEBUG org.apache.http.wire -- http-outgoing-2 << "Vary: Origin[\r][\n]"
15:30:53.502 [main] DEBUG org.apache.http.wire -- http-outgoing-2 << "X-Content-Type-Options: nosniff[\r][\n]"
15:30:53.502 [main] DEBUG org.apache.http.wire -- http-outgoing-2 << "X-Download-Options: noopen[\r][\n]"
15:30:53.502 [main] DEBUG org.apache.http.wire -- http-outgoing-2 << "X-Frame-Options: SAMEORIGIN[\r][\n]"
15:30:53.502 [main] DEBUG org.apache.http.wire -- http-outgoing-2 << "X-Permitted-Cross-Domain-Policies: none[\r][\n]"
15:30:53.502 [main] DEBUG org.apache.http.wire -- http-outgoing-2 << "X-Ratelimit-Limit: 90[\r][\n]"
15:30:53.502 [main] DEBUG org.apache.http.wire -- http-outgoing-2 << "X-Ratelimit-Remaining: 89[\r][\n]"
15:30:53.502 [main] DEBUG org.apache.http.wire -- http-outgoing-2 << "X-Ratelimit-Reset: 1[\r][\n]"
15:30:53.502 [main] DEBUG org.apache.http.wire -- http-outgoing-2 << "X-Request-Id: 8a6484eb-1e14-4eca-b6ea-6cc0d939da0c[\r][\n]"
15:30:53.502 [main] DEBUG org.apache.http.wire -- http-outgoing-2 << "X-Runtime: 0.438080[\r][\n]"
15:30:53.502 [main] DEBUG org.apache.http.wire -- http-outgoing-2 << "X-Xss-Protection: 0[\r][\n]"
15:30:53.502 [main] DEBUG org.apache.http.wire -- http-outgoing-2 << "Cf-Cache-Status: DYNAMIC[\r][\n]"
15:30:53.502 [main] DEBUG org.apache.http.wire -- http-outgoing-2 << "Nel: {"report_to":"cf-nel","success_fraction":0.0,"max_age":604800}[\r][\n]"
15:30:53.502 [main] DEBUG org.apache.http.wire -- http-outgoing-2 << "Report-To: {"group":"cf-nel","max_age":604800,"endpoints":[{"url":"https://a.nel.cloudflare.com/report/v4?s=T%2BghwU2O93H0bWuFKxrj52tSgWf9o3IZvg2ZTUDMkA4uFrpcukRomUmPcYVF70iWW0kIZi0pKxaEjx6mF6zbPo%2FzEF%2FbIdlVRrlh%2FA%3D%3D"}]}[\r][\n]"
15:30:53.502 [main] DEBUG org.apache.http.wire -- http-outgoing-2 << "Content-Encoding: gzip[\r][\n]"
15:30:53.502 [main] DEBUG org.apache.http.wire -- http-outgoing-2 << "Server: cloudflare[\r][\n]"
15:30:53.502 [main] DEBUG org.apache.http.wire -- http-outgoing-2 << "CF-RAY: 9501391cdbee38a1-LHR[\r][\n]"
15:30:53.503 [main] DEBUG org.apache.http.wire -- http-outgoing-2 << "alt-svc: h3=":443"; ma=86400[\r][\n]"
15:30:53.503 [main] DEBUG org.apache.http.wire -- http-outgoing-2 << "[\r][\n]"
15:30:53.503 [main] DEBUG org.apache.http.wire -- http-outgoing-2 << "77[\r][\n]"
15:30:53.503 [main] DEBUG org.apache.http.wire -- http-outgoing-2 << "[0x1f][0x8b][0x8][0x0][0x0][0x0][0x0][0x0][0x0][0xff][0x15][0x8c][0xcb][0xe]@0[0x10][0x0]E[0xf6]J$[0xea]Q[0x9c][0xc4][0xd5]Wlt[0xd1][0xa4]-[0xd1][0xd6]E[0xfc][0xbb][0xed]uf2/[0x90]Em`[0x4]4[0xd7]q:O[0xb9][0xe8][0xfb]:[0xef][0x84][0x90][0xd3][0x9e]T[0xb9][0x9e][0x16][\n]"
15:30:53.503 [main] DEBUG org.apache.http.wire -- http-outgoing-2 << "ph[0x89][0xab]%[0xde]A[0xfb]l6[0xe8][0x14][0xa6][0x88][0xd5]NN[0xd1][0xcd]r[0xe3][0x97]!&>`[0x88]>M[0xd7][0xa0][0x9f]D[0xb4][0x82]Q[0xe][0x8d][0x1c][0xda][0xea][0xfb][0x1]{9[0x1b][0xea]t[0x0][0x0][0x0][\r][\n]"
15:30:53.503 [main] DEBUG org.apache.http.headers -- http-outgoing-2 << HTTP/1.1 200 OK
15:30:53.503 [main] DEBUG org.apache.http.headers -- http-outgoing-2 << Date: Sun, 15 Jun 2025 10:00:55 GMT
15:30:53.503 [main] DEBUG org.apache.http.headers -- http-outgoing-2 << Content-Type: application/json; charset=utf-8
15:30:53.503 [main] DEBUG org.apache.http.headers -- http-outgoing-2 << Transfer-Encoding: chunked
15:30:53.503 [main] DEBUG org.apache.http.headers -- http-outgoing-2 << Connection: keep-alive
15:30:53.503 [main] DEBUG org.apache.http.headers -- http-outgoing-2 << Cache-Control: max-age=0, private, must-revalidate
15:30:53.503 [main] DEBUG org.apache.http.headers -- http-outgoing-2 << Etag: W/"803be8692ce60358fff2b52b196e9bfb"
15:30:53.504 [main] DEBUG org.apache.http.headers -- http-outgoing-2 << Feature-Policy: camera 'none'; gyroscope 'none'; microphone 'none'; usb 'none'; fullscreen 'self'
15:30:53.504 [main] DEBUG org.apache.http.headers -- http-outgoing-2 << Referrer-Policy: strict-origin-when-cross-origin
15:30:53.504 [main] DEBUG org.apache.http.headers -- http-outgoing-2 << Vary: Origin
15:30:53.504 [main] DEBUG org.apache.http.headers -- http-outgoing-2 << X-Content-Type-Options: nosniff
15:30:53.504 [main] DEBUG org.apache.http.headers -- http-outgoing-2 << X-Download-Options: noopen
15:30:53.504 [main] DEBUG org.apache.http.headers -- http-outgoing-2 << X-Frame-Options: SAMEORIGIN
15:30:53.504 [main] DEBUG org.apache.http.headers -- http-outgoing-2 << X-Permitted-Cross-Domain-Policies: none
15:30:53.504 [main] DEBUG org.apache.http.headers -- http-outgoing-2 << X-Ratelimit-Limit: 90
15:30:53.504 [main] DEBUG org.apache.http.headers -- http-outgoing-2 << X-Ratelimit-Remaining: 89
15:30:53.504 [main] DEBUG org.apache.http.headers -- http-outgoing-2 << X-Ratelimit-Reset: 1
15:30:53.504 [main] DEBUG org.apache.http.headers -- http-outgoing-2 << X-Request-Id: 8a6484eb-1e14-4eca-b6ea-6cc0d939da0c
15:30:53.504 [main] DEBUG org.apache.http.headers -- http-outgoing-2 << X-Runtime: 0.438080
15:30:53.504 [main] DEBUG org.apache.http.headers -- http-outgoing-2 << X-Xss-Protection: 0
15:30:53.504 [main] DEBUG org.apache.http.headers -- http-outgoing-2 << Cf-Cache-Status: DYNAMIC
15:30:53.504 [main] DEBUG org.apache.http.headers -- http-outgoing-2 << Nel: {"report_to":"cf-nel","success_fraction":0.0,"max_age":604800}
15:30:53.504 [main] DEBUG org.apache.http.headers -- http-outgoing-2 << Report-To: {"group":"cf-nel","max_age":604800,"endpoints":[{"url":"https://a.nel.cloudflare.com/report/v4?s=T%2BghwU2O93H0bWuFKxrj52tSgWf9o3IZvg2ZTUDMkA4uFrpcukRomUmPcYVF70iWW0kIZi0pKxaEjx6mF6zbPo%2FzEF%2FbIdlVRrlh%2FA%3D%3D"}]}
15:30:53.504 [main] DEBUG org.apache.http.headers -- http-outgoing-2 << Content-Encoding: gzip
15:30:53.504 [main] DEBUG org.apache.http.headers -- http-outgoing-2 << Server: cloudflare
15:30:53.504 [main] DEBUG org.apache.http.headers -- http-outgoing-2 << CF-RAY: 9501391cdbee38a1-LHR
15:30:53.504 [main] DEBUG org.apache.http.headers -- http-outgoing-2 << alt-svc: h3=":443"; ma=86400
15:30:53.504 [main] DEBUG org.apache.http.impl.execchain.MainClientExec -- Connection can be kept alive indefinitely
15:30:53.505 [main] DEBUG org.apache.http.impl.conn.DefaultManagedHttpClientConnection -- http-outgoing-2: Close connection
15:30:53.506 [main] DEBUG org.apache.http.impl.execchain.MainClientExec -- Connection discarded
15:30:53.506 [main] DEBUG org.apache.http.impl.conn.PoolingHttpClientConnectionManager -- Connection released: [id: 2][route: {s}->https://gorest.co.in:443][total available: 0; route allocated: 0 of 5; total allocated: 0 of 10]
15:30:53.506 [main] DEBUG org.apache.http.impl.conn.PoolingHttpClientConnectionManager -- Connection manager is shutting down
15:30:53.506 [main] DEBUG org.apache.http.impl.conn.PoolingHttpClientConnectionManager -- Connection manager shut down
15:30:53.507 [main] DEBUG com.intuit.karate -- response time in milliseconds: 1494
2 < 200
2 < Date: Sun, 15 Jun 2025 10:00:55 GMT
2 < Content-Type: application/json; charset=utf-8
2 < Transfer-Encoding: chunked
2 < Connection: keep-alive
2 < Cache-Control: max-age=0, private, must-revalidate
2 < Etag: W/"803be8692ce60358fff2b52b196e9bfb"
2 < Feature-Policy: camera 'none'; gyroscope 'none'; microphone 'none'; usb 'none'; fullscreen 'self'
2 < Referrer-Policy: strict-origin-when-cross-origin
2 < Vary: Origin
2 < X-Content-Type-Options: nosniff
2 < X-Download-Options: noopen
2 < X-Frame-Options: SAMEORIGIN
2 < X-Permitted-Cross-Domain-Policies: none
2 < X-Ratelimit-Limit: 90
2 < X-Ratelimit-Remaining: 89
2 < X-Ratelimit-Reset: 1
2 < X-Request-Id: 8a6484eb-1e14-4eca-b6ea-6cc0d939da0c
2 < X-Runtime: 0.438080
2 < X-Xss-Protection: 0
2 < Cf-Cache-Status: DYNAMIC
2 < Nel: {"report_to":"cf-nel","success_fraction":0.0,"max_age":604800}
2 < Report-To: {"group":"cf-nel","max_age":604800,"endpoints":[{"url":"https://a.nel.cloudflare.com/report/v4?s=T%2BghwU2O93H0bWuFKxrj52tSgWf9o3IZvg2ZTUDMkA4uFrpcukRomUmPcYVF70iWW0kIZi0pKxaEjx6mF6zbPo%2FzEF%2FbIdlVRrlh%2FA%3D%3D"}]}
2 < Server: cloudflare
2 < CF-RAY: 9501391cdbee38a1-LHR
2 < alt-svc: h3=":443"; ma=86400
{"email":"alphonse+2883+6227@gmail.com","name":"Kurtis Blanda6227","gender":"female","status":"active","id":7947951}

15:30:53.537 [main] DEBUG com.jayway.jsonpath.internal.path.CompiledPath -- Evaluating path: $['name']
15:30:53.547 [main] DEBUG com.jayway.jsonpath.internal.path.CompiledPath -- Evaluating path: $['email']
]]></system-out>
  </testcase>
  <testcase name="[3:50] Delete details" classname="Features/UserCreation" time="2.567">
    <system-out><![CDATA[15:30:53.566 [main] DEBUG org.apache.http.client.protocol.RequestAddCookies -- CookieSpec selected: karate
15:30:53.566 [main] DEBUG org.apache.http.client.protocol.RequestAuthCache -- Auth cache not set in the context
15:30:53.566 [main] DEBUG com.intuit.karate -- request:
1 > DELETE https://gorest.co.in/public/v2/users/7947951
1 > Authorization: Bearer de7d574dd697fd2862e7c9214a9cda120b8f63662399395662f3c34c1373af85
1 > Host: gorest.co.in
1 > Connection: Keep-Alive
1 > User-Agent: Apache-HttpClient/4.5.14 (Java/18.0.1)
1 > Accept-Encoding: gzip,deflate


15:30:53.566 [main] DEBUG org.apache.http.impl.conn.PoolingHttpClientConnectionManager -- Connection request: [route: {s}->https://gorest.co.in:443][total available: 0; route allocated: 0 of 5; total allocated: 0 of 10]
15:30:53.566 [main] DEBUG org.apache.http.impl.conn.PoolingHttpClientConnectionManager -- Connection leased: [id: 3][route: {s}->https://gorest.co.in:443][total available: 0; route allocated: 1 of 5; total allocated: 1 of 10]
15:30:53.566 [main] DEBUG org.apache.http.impl.execchain.MainClientExec -- Opening connection {s}->https://gorest.co.in:443
15:30:53.567 [main] DEBUG org.apache.http.impl.conn.DefaultHttpClientConnectionOperator -- Connecting to gorest.co.in/172.67.157.231:443
15:30:53.567 [main] DEBUG org.apache.http.conn.ssl.SSLConnectionSocketFactory -- Connecting socket to gorest.co.in/172.67.157.231:443 with timeout 30000
15:30:53.736 [main] DEBUG org.apache.http.conn.ssl.SSLConnectionSocketFactory -- Enabled protocols: [TLSv1.3, TLSv1.2]
15:30:53.736 [main] DEBUG org.apache.http.conn.ssl.SSLConnectionSocketFactory -- Enabled cipher suites:[TLS_AES_256_GCM_SHA384, TLS_AES_128_GCM_SHA256, TLS_CHACHA20_POLY1305_SHA256, TLS_ECDHE_ECDSA_WITH_AES_256_GCM_SHA384, TLS_ECDHE_ECDSA_WITH_AES_128_GCM_SHA256, TLS_ECDHE_ECDSA_WITH_CHACHA20_POLY1305_SHA256, TLS_ECDHE_RSA_WITH_AES_256_GCM_SHA384, TLS_ECDHE_RSA_WITH_CHACHA20_POLY1305_SHA256, TLS_ECDHE_RSA_WITH_AES_128_GCM_SHA256, TLS_DHE_RSA_WITH_AES_256_GCM_SHA384, TLS_DHE_RSA_WITH_CHACHA20_POLY1305_SHA256, TLS_DHE_DSS_WITH_AES_256_GCM_SHA384, TLS_DHE_RSA_WITH_AES_128_GCM_SHA256, TLS_DHE_DSS_WITH_AES_128_GCM_SHA256, TLS_ECDHE_ECDSA_WITH_AES_256_CBC_SHA384, TLS_ECDHE_RSA_WITH_AES_256_CBC_SHA384, TLS_ECDHE_ECDSA_WITH_AES_128_CBC_SHA256, TLS_ECDHE_RSA_WITH_AES_128_CBC_SHA256, TLS_DHE_RSA_WITH_AES_256_CBC_SHA256, TLS_DHE_DSS_WITH_AES_256_CBC_SHA256, TLS_DHE_RSA_WITH_AES_128_CBC_SHA256, TLS_DHE_DSS_WITH_AES_128_CBC_SHA256, TLS_ECDH_ECDSA_WITH_AES_256_GCM_SHA384, TLS_ECDH_RSA_WITH_AES_256_GCM_SHA384, TLS_ECDH_ECDSA_WITH_AES_128_GCM_SHA256, TLS_ECDH_RSA_WITH_AES_128_GCM_SHA256, TLS_ECDH_ECDSA_WITH_AES_256_CBC_SHA384, TLS_ECDH_RSA_WITH_AES_256_CBC_SHA384, TLS_ECDH_ECDSA_WITH_AES_128_CBC_SHA256, TLS_ECDH_RSA_WITH_AES_128_CBC_SHA256, TLS_ECDHE_ECDSA_WITH_AES_256_CBC_SHA, TLS_ECDHE_RSA_WITH_AES_256_CBC_SHA, TLS_ECDHE_ECDSA_WITH_AES_128_CBC_SHA, TLS_ECDHE_RSA_WITH_AES_128_CBC_SHA, TLS_DHE_RSA_WITH_AES_256_CBC_SHA, TLS_DHE_DSS_WITH_AES_256_CBC_SHA, TLS_DHE_RSA_WITH_AES_128_CBC_SHA, TLS_DHE_DSS_WITH_AES_128_CBC_SHA, TLS_ECDH_ECDSA_WITH_AES_256_CBC_SHA, TLS_ECDH_RSA_WITH_AES_256_CBC_SHA, TLS_ECDH_ECDSA_WITH_AES_128_CBC_SHA, TLS_ECDH_RSA_WITH_AES_128_CBC_SHA, TLS_RSA_WITH_AES_256_GCM_SHA384, TLS_RSA_WITH_AES_128_GCM_SHA256, TLS_RSA_WITH_AES_256_CBC_SHA256, TLS_RSA_WITH_AES_128_CBC_SHA256, TLS_RSA_WITH_AES_256_CBC_SHA, TLS_RSA_WITH_AES_128_CBC_SHA, TLS_EMPTY_RENEGOTIATION_INFO_SCSV]
15:30:53.736 [main] DEBUG org.apache.http.conn.ssl.SSLConnectionSocketFactory -- Starting handshake
15:30:53.927 [main] DEBUG org.apache.http.conn.ssl.SSLConnectionSocketFactory -- Secure session established
15:30:53.927 [main] DEBUG org.apache.http.conn.ssl.SSLConnectionSocketFactory --  negotiated protocol: TLSv1.3
15:30:53.927 [main] DEBUG org.apache.http.conn.ssl.SSLConnectionSocketFactory --  negotiated cipher suite: TLS_AES_256_GCM_SHA384
15:30:53.928 [main] DEBUG org.apache.http.conn.ssl.SSLConnectionSocketFactory --  peer principal: CN=gorest.co.in
15:30:53.928 [main] DEBUG org.apache.http.conn.ssl.SSLConnectionSocketFactory --  peer alternative names: [gorest.co.in, *.gorest.co.in]
15:30:53.928 [main] DEBUG org.apache.http.conn.ssl.SSLConnectionSocketFactory --  issuer principal: CN=WE1, O=Google Trust Services, C=US
15:30:53.928 [main] DEBUG org.apache.http.impl.conn.DefaultHttpClientConnectionOperator -- Connection established 192.168.0.100:60948<->172.67.157.231:443
15:30:53.929 [main] DEBUG org.apache.http.impl.conn.DefaultManagedHttpClientConnection -- http-outgoing-3: set socket timeout to 30000
15:30:53.929 [main] DEBUG org.apache.http.impl.execchain.MainClientExec -- Executing request DELETE /public/v2/users/7947951 HTTP/1.1
15:30:53.929 [main] DEBUG org.apache.http.impl.execchain.MainClientExec -- Proxy auth state: UNCHALLENGED
15:30:53.929 [main] DEBUG org.apache.http.headers -- http-outgoing-3 >> DELETE /public/v2/users/7947951 HTTP/1.1
15:30:53.929 [main] DEBUG org.apache.http.headers -- http-outgoing-3 >> Authorization: Bearer de7d574dd697fd2862e7c9214a9cda120b8f63662399395662f3c34c1373af85
15:30:53.929 [main] DEBUG org.apache.http.headers -- http-outgoing-3 >> Host: gorest.co.in
15:30:53.929 [main] DEBUG org.apache.http.headers -- http-outgoing-3 >> Connection: Keep-Alive
15:30:53.929 [main] DEBUG org.apache.http.headers -- http-outgoing-3 >> User-Agent: Apache-HttpClient/4.5.14 (Java/18.0.1)
15:30:53.931 [main] DEBUG org.apache.http.headers -- http-outgoing-3 >> Accept-Encoding: gzip,deflate
15:30:53.931 [main] DEBUG org.apache.http.wire -- http-outgoing-3 >> "DELETE /public/v2/users/7947951 HTTP/1.1[\r][\n]"
15:30:53.931 [main] DEBUG org.apache.http.wire -- http-outgoing-3 >> "Authorization: Bearer de7d574dd697fd2862e7c9214a9cda120b8f63662399395662f3c34c1373af85[\r][\n]"
15:30:53.931 [main] DEBUG org.apache.http.wire -- http-outgoing-3 >> "Host: gorest.co.in[\r][\n]"
15:30:53.931 [main] DEBUG org.apache.http.wire -- http-outgoing-3 >> "Connection: Keep-Alive[\r][\n]"
15:30:53.931 [main] DEBUG org.apache.http.wire -- http-outgoing-3 >> "User-Agent: Apache-HttpClient/4.5.14 (Java/18.0.1)[\r][\n]"
15:30:53.931 [main] DEBUG org.apache.http.wire -- http-outgoing-3 >> "Accept-Encoding: gzip,deflate[\r][\n]"
15:30:53.931 [main] DEBUG org.apache.http.wire -- http-outgoing-3 >> "[\r][\n]"
15:30:54.895 [main] DEBUG org.apache.http.wire -- http-outgoing-3 << "HTTP/1.1 204 No Content[\r][\n]"
15:30:54.895 [main] DEBUG org.apache.http.wire -- http-outgoing-3 << "Date: Sun, 15 Jun 2025 10:00:56 GMT[\r][\n]"
15:30:54.895 [main] DEBUG org.apache.http.wire -- http-outgoing-3 << "Connection: keep-alive[\r][\n]"
15:30:54.895 [main] DEBUG org.apache.http.wire -- http-outgoing-3 << "Cache-Control: no-cache[\r][\n]"
15:30:54.895 [main] DEBUG org.apache.http.wire -- http-outgoing-3 << "Feature-Policy: camera 'none'; gyroscope 'none'; microphone 'none'; usb 'none'; fullscreen 'self'[\r][\n]"
15:30:54.895 [main] DEBUG org.apache.http.wire -- http-outgoing-3 << "Referrer-Policy: strict-origin-when-cross-origin[\r][\n]"
15:30:54.895 [main] DEBUG org.apache.http.wire -- http-outgoing-3 << "Vary: Origin[\r][\n]"
15:30:54.895 [main] DEBUG org.apache.http.wire -- http-outgoing-3 << "X-Content-Type-Options: nosniff[\r][\n]"
15:30:54.895 [main] DEBUG org.apache.http.wire -- http-outgoing-3 << "X-Download-Options: noopen[\r][\n]"
15:30:54.895 [main] DEBUG org.apache.http.wire -- http-outgoing-3 << "X-Frame-Options: SAMEORIGIN[\r][\n]"
15:30:54.895 [main] DEBUG org.apache.http.wire -- http-outgoing-3 << "X-Permitted-Cross-Domain-Policies: none[\r][\n]"
15:30:54.895 [main] DEBUG org.apache.http.wire -- http-outgoing-3 << "X-Ratelimit-Limit: 90[\r][\n]"
15:30:54.895 [main] DEBUG org.apache.http.wire -- http-outgoing-3 << "X-Ratelimit-Remaining: 89[\r][\n]"
15:30:54.895 [main] DEBUG org.apache.http.wire -- http-outgoing-3 << "X-Ratelimit-Reset: 1[\r][\n]"
15:30:54.895 [main] DEBUG org.apache.http.wire -- http-outgoing-3 << "X-Request-Id: 558f0d75-0470-4075-a774-8bdd7fbeec8d[\r][\n]"
15:30:54.895 [main] DEBUG org.apache.http.wire -- http-outgoing-3 << "X-Runtime: 0.306051[\r][\n]"
15:30:54.896 [main] DEBUG org.apache.http.wire -- http-outgoing-3 << "X-Xss-Protection: 0[\r][\n]"
15:30:54.896 [main] DEBUG org.apache.http.wire -- http-outgoing-3 << "Cf-Cache-Status: DYNAMIC[\r][\n]"
15:30:54.896 [main] DEBUG org.apache.http.wire -- http-outgoing-3 << "Report-To: {"group":"cf-nel","max_age":604800,"endpoints":[{"url":"https://a.nel.cloudflare.com/report/v4?s=lymG0vfuGWjJs8%2Fc6erAc%2FHp1P%2BkzYZ6S3fYq3lxjFvwS0qMOla6xtQXzFuGFWBoNsLQOGiLUTKQsMxUIdULFqyEjJPtEvkLzfmlOg%3D%3D"}]}[\r][\n]"
15:30:54.896 [main] DEBUG org.apache.http.wire -- http-outgoing-3 << "Nel: {"report_to":"cf-nel","success_fraction":0.0,"max_age":604800}[\r][\n]"
15:30:54.896 [main] DEBUG org.apache.http.wire -- http-outgoing-3 << "Server: cloudflare[\r][\n]"
15:30:54.896 [main] DEBUG org.apache.http.wire -- http-outgoing-3 << "CF-RAY: 950139269ae6252b-LHR[\r][\n]"
15:30:54.896 [main] DEBUG org.apache.http.wire -- http-outgoing-3 << "alt-svc: h3=":443"; ma=86400[\r][\n]"
15:30:54.896 [main] DEBUG org.apache.http.wire -- http-outgoing-3 << "[\r][\n]"
15:30:54.896 [main] DEBUG org.apache.http.headers -- http-outgoing-3 << HTTP/1.1 204 No Content
15:30:54.896 [main] DEBUG org.apache.http.headers -- http-outgoing-3 << Date: Sun, 15 Jun 2025 10:00:56 GMT
15:30:54.896 [main] DEBUG org.apache.http.headers -- http-outgoing-3 << Connection: keep-alive
15:30:54.896 [main] DEBUG org.apache.http.headers -- http-outgoing-3 << Cache-Control: no-cache
15:30:54.896 [main] DEBUG org.apache.http.headers -- http-outgoing-3 << Feature-Policy: camera 'none'; gyroscope 'none'; microphone 'none'; usb 'none'; fullscreen 'self'
15:30:54.896 [main] DEBUG org.apache.http.headers -- http-outgoing-3 << Referrer-Policy: strict-origin-when-cross-origin
15:30:54.896 [main] DEBUG org.apache.http.headers -- http-outgoing-3 << Vary: Origin
15:30:54.896 [main] DEBUG org.apache.http.headers -- http-outgoing-3 << X-Content-Type-Options: nosniff
15:30:54.896 [main] DEBUG org.apache.http.headers -- http-outgoing-3 << X-Download-Options: noopen
15:30:54.896 [main] DEBUG org.apache.http.headers -- http-outgoing-3 << X-Frame-Options: SAMEORIGIN
15:30:54.896 [main] DEBUG org.apache.http.headers -- http-outgoing-3 << X-Permitted-Cross-Domain-Policies: none
15:30:54.896 [main] DEBUG org.apache.http.headers -- http-outgoing-3 << X-Ratelimit-Limit: 90
15:30:54.896 [main] DEBUG org.apache.http.headers -- http-outgoing-3 << X-Ratelimit-Remaining: 89
15:30:54.896 [main] DEBUG org.apache.http.headers -- http-outgoing-3 << X-Ratelimit-Reset: 1
15:30:54.896 [main] DEBUG org.apache.http.headers -- http-outgoing-3 << X-Request-Id: 558f0d75-0470-4075-a774-8bdd7fbeec8d
15:30:54.896 [main] DEBUG org.apache.http.headers -- http-outgoing-3 << X-Runtime: 0.306051
15:30:54.897 [main] DEBUG org.apache.http.headers -- http-outgoing-3 << X-Xss-Protection: 0
15:30:54.897 [main] DEBUG org.apache.http.headers -- http-outgoing-3 << Cf-Cache-Status: DYNAMIC
15:30:54.897 [main] DEBUG org.apache.http.headers -- http-outgoing-3 << Report-To: {"group":"cf-nel","max_age":604800,"endpoints":[{"url":"https://a.nel.cloudflare.com/report/v4?s=lymG0vfuGWjJs8%2Fc6erAc%2FHp1P%2BkzYZ6S3fYq3lxjFvwS0qMOla6xtQXzFuGFWBoNsLQOGiLUTKQsMxUIdULFqyEjJPtEvkLzfmlOg%3D%3D"}]}
15:30:54.897 [main] DEBUG org.apache.http.headers -- http-outgoing-3 << Nel: {"report_to":"cf-nel","success_fraction":0.0,"max_age":604800}
15:30:54.897 [main] DEBUG org.apache.http.headers -- http-outgoing-3 << Server: cloudflare
15:30:54.897 [main] DEBUG org.apache.http.headers -- http-outgoing-3 << CF-RAY: 950139269ae6252b-LHR
15:30:54.897 [main] DEBUG org.apache.http.headers -- http-outgoing-3 << alt-svc: h3=":443"; ma=86400
15:30:54.897 [main] DEBUG org.apache.http.impl.execchain.MainClientExec -- Connection can be kept alive indefinitely
15:30:54.897 [main] DEBUG org.apache.http.impl.conn.PoolingHttpClientConnectionManager -- Connection [id: 3][route: {s}->https://gorest.co.in:443] can be kept alive indefinitely
15:30:54.897 [main] DEBUG org.apache.http.impl.conn.DefaultManagedHttpClientConnection -- http-outgoing-3: set socket timeout to 0
15:30:54.897 [main] DEBUG org.apache.http.impl.conn.PoolingHttpClientConnectionManager -- Connection released: [id: 3][route: {s}->https://gorest.co.in:443][total available: 1; route allocated: 1 of 5; total allocated: 1 of 10]
15:30:54.898 [main] DEBUG org.apache.http.impl.conn.PoolingHttpClientConnectionManager -- Connection manager is shutting down
15:30:54.898 [main] DEBUG org.apache.http.impl.conn.DefaultManagedHttpClientConnection -- http-outgoing-3: Close connection
15:30:54.898 [main] DEBUG org.apache.http.impl.conn.PoolingHttpClientConnectionManager -- Connection manager shut down
15:30:54.899 [main] DEBUG com.intuit.karate -- response time in milliseconds: 1332
1 < 204
1 < Date: Sun, 15 Jun 2025 10:00:56 GMT
1 < Connection: keep-alive
1 < Cache-Control: no-cache
1 < Feature-Policy: camera 'none'; gyroscope 'none'; microphone 'none'; usb 'none'; fullscreen 'self'
1 < Referrer-Policy: strict-origin-when-cross-origin
1 < Vary: Origin
1 < X-Content-Type-Options: nosniff
1 < X-Download-Options: noopen
1 < X-Frame-Options: SAMEORIGIN
1 < X-Permitted-Cross-Domain-Policies: none
1 < X-Ratelimit-Limit: 90
1 < X-Ratelimit-Remaining: 89
1 < X-Ratelimit-Reset: 1
1 < X-Request-Id: 558f0d75-0470-4075-a774-8bdd7fbeec8d
1 < X-Runtime: 0.306051
1 < X-Xss-Protection: 0
1 < Cf-Cache-Status: DYNAMIC
1 < Report-To: {"group":"cf-nel","max_age":604800,"endpoints":[{"url":"https://a.nel.cloudflare.com/report/v4?s=lymG0vfuGWjJs8%2Fc6erAc%2FHp1P%2BkzYZ6S3fYq3lxjFvwS0qMOla6xtQXzFuGFWBoNsLQOGiLUTKQsMxUIdULFqyEjJPtEvkLzfmlOg%3D%3D"}]}
1 < Nel: {"report_to":"cf-nel","success_fraction":0.0,"max_age":604800}
1 < Server: cloudflare
1 < CF-RAY: 950139269ae6252b-LHR
1 < alt-svc: h3=":443"; ma=86400


15:30:54.958 [main] DEBUG org.thymeleaf.TemplateEngine -- [THYMELEAF] INITIALIZING TEMPLATE ENGINE
15:30:55.131 [main] DEBUG org.thymeleaf.TemplateEngine.CONFIG -- Initializing Thymeleaf Template engine configuration...
[THYMELEAF] TEMPLATE ENGINE CONFIGURATION:
[THYMELEAF] * Thymeleaf version: 3.1.2.RELEASE (built 2023-07-30T19:25:50+0000)
[THYMELEAF] * Cache Manager implementation: org.thymeleaf.cache.StandardCacheManager
[THYMELEAF] * Template resolvers:
[THYMELEAF]     * [1] com.intuit.karate.template.ResourceHtmlTemplateResolver
[THYMELEAF] * Message resolvers:
[THYMELEAF]     * org.thymeleaf.messageresolver.StandardMessageResolver
[THYMELEAF] * Link builders:
[THYMELEAF]     * org.thymeleaf.linkbuilder.StandardLinkBuilder
[THYMELEAF] * Dialect [1 of 2]: Standard (com.intuit.karate.template.KarateStandardDialect)
[THYMELEAF]     * Prefix: "th"
[THYMELEAF]     * Processors for Template Mode: HTML
[THYMELEAF]         * Element Tag Processors by [matching element and attribute name] [precedence]:
[THYMELEAF]             * [* {th:include,data-th-include}] [100]: org.thymeleaf.standard.processor.StandardIncludeTagProcessor
[THYMELEAF]             * [* {th:insert,data-th-insert}] [100]: org.thymeleaf.standard.processor.StandardInsertTagProcessor
[THYMELEAF]             * [* {th:replace,data-th-replace}] [100]: org.thymeleaf.standard.processor.StandardReplaceTagProcessor
[THYMELEAF]             * [* {th:each,data-th-each}] [200]: com.intuit.karate.template.KarateEachTagProcessor
[THYMELEAF]             * [* {th:switch,data-th-switch}] [250]: org.thymeleaf.standard.processor.StandardSwitchTagProcessor
[THYMELEAF]             * [* {th:case,data-th-case}] [275]: org.thymeleaf.standard.processor.StandardCaseTagProcessor
[THYMELEAF]             * [* {th:if,data-th-if}] [300]: org.thymeleaf.standard.processor.StandardIfTagProcessor
[THYMELEAF]             * [* {th:unless,data-th-unless}] [400]: org.thymeleaf.standard.processor.StandardUnlessTagProcessor
[THYMELEAF]             * [* {th:object,data-th-object}] [500]: org.thymeleaf.standard.processor.StandardObjectTagProcessor
[THYMELEAF]             * [* {th:with,data-th-with}] [600]: com.intuit.karate.template.KarateWithTagProcessor
[THYMELEAF]             * [* {th:attr,data-th-attr}] [700]: com.intuit.karate.template.KarateAttributeTagProcessor.KarateAttrTagProcessor
[THYMELEAF]             * [* {th:attrappend,data-th-attrappend}] [900]: com.intuit.karate.template.KarateAttributeTagProcessor.KarateAttrappendTagProcessor
[THYMELEAF]             * [* {th:attrprepend,data-th-attrprepend}] [900]: com.intuit.karate.template.KarateAttributeTagProcessor.KarateAttrprependTagProcessor
[THYMELEAF]             * [* {th:alt-title,data-th-alt-title}] [990]: org.thymeleaf.standard.processor.StandardAltTitleTagProcessor
[THYMELEAF]             * [* {th:lang-xmllang,data-th-lang-xmllang}] [990]: org.thymeleaf.standard.processor.StandardLangXmlLangTagProcessor
[THYMELEAF]             * [* {th:action,data-th-action}] [1000]: org.thymeleaf.standard.processor.StandardActionTagProcessor
[THYMELEAF]             * [* {th:default,data-th-default}] [1000]: org.thymeleaf.standard.processor.StandardConditionalFixedValueTagProcessor
[THYMELEAF]             * [* {th:pubdate,data-th-pubdate}] [1000]: org.thymeleaf.standard.processor.StandardConditionalFixedValueTagProcessor
[THYMELEAF]             * [* {th:nowrap,data-th-nowrap}] [1000]: org.thymeleaf.standard.processor.StandardConditionalFixedValueTagProcessor
[THYMELEAF]             * [* {th:reversed,data-th-reversed}] [1000]: org.thymeleaf.standard.processor.StandardConditionalFixedValueTagProcessor
[THYMELEAF]             * [* {th:loop,data-th-loop}] [1000]: org.thymeleaf.standard.processor.StandardConditionalFixedValueTagProcessor
[THYMELEAF]             * [* {th:hidden,data-th-hidden}] [1000]: org.thymeleaf.standard.processor.StandardConditionalFixedValueTagProcessor
[THYMELEAF]             * [* {th:scoped,data-th-scoped}] [1000]: org.thymeleaf.standard.processor.StandardConditionalFixedValueTagProcessor
[THYMELEAF]             * [* {th:controls,data-th-controls}] [1000]: org.thymeleaf.standard.processor.StandardConditionalFixedValueTagProcessor
[THYMELEAF]             * [* {th:autoplay,data-th-autoplay}] [1000]: org.thymeleaf.standard.processor.StandardConditionalFixedValueTagProcessor
[THYMELEAF]             * [* {th:autofocus,data-th-autofocus}] [1000]: org.thymeleaf.standard.processor.StandardConditionalFixedValueTagProcessor
[THYMELEAF]             * [* {th:ismap,data-th-ismap}] [1000]: org.thymeleaf.standard.processor.StandardConditionalFixedValueTagProcessor
[THYMELEAF]             * [* {th:async,data-th-async}] [1000]: org.thymeleaf.standard.processor.StandardConditionalFixedValueTagProcessor
[THYMELEAF]             * [* {th:formnovalidate,data-th-formnovalidate}] [1000]: org.thymeleaf.standard.processor.StandardConditionalFixedValueTagProcessor
[THYMELEAF]             * [* {th:disabled,data-th-disabled}] [1000]: org.thymeleaf.standard.processor.StandardConditionalFixedValueTagProcessor
[THYMELEAF]             * [* {th:readonly,data-th-readonly}] [1000]: org.thymeleaf.standard.processor.StandardConditionalFixedValueTagProcessor
[THYMELEAF]             * [* {th:novalidate,data-th-novalidate}] [1000]: org.thymeleaf.standard.processor.StandardConditionalFixedValueTagProcessor
[THYMELEAF]             * [* {th:checked,data-th-checked}] [1000]: org.thymeleaf.standard.processor.StandardConditionalFixedValueTagProcessor
[THYMELEAF]             * [* {th:required,data-th-required}] [1000]: org.thymeleaf.standard.processor.StandardConditionalFixedValueTagProcessor
[THYMELEAF]             * [* {th:declare,data-th-declare}] [1000]: org.thymeleaf.standard.processor.StandardConditionalFixedValueTagProcessor
[THYMELEAF]             * [* {th:open,data-th-open}] [1000]: org.thymeleaf.standard.processor.StandardConditionalFixedValueTagProcessor
[THYMELEAF]             * [* {th:seamless,data-th-seamless}] [1000]: org.thymeleaf.standard.processor.StandardConditionalFixedValueTagProcessor
[THYMELEAF]             * [* {th:selected,data-th-selected}] [1000]: org.thymeleaf.standard.processor.StandardConditionalFixedValueTagProcessor
[THYMELEAF]             * [* {th:defer,data-th-defer}] [1000]: org.thymeleaf.standard.processor.StandardConditionalFixedValueTagProcessor
[THYMELEAF]             * [* {th:multiple,data-th-multiple}] [1000]: org.thymeleaf.standard.processor.StandardConditionalFixedValueTagProcessor
[THYMELEAF]             * [* {th:onredo,data-th-onredo}] [1000]: org.thymeleaf.standard.processor.StandardDOMEventAttributeTagProcessor
[THYMELEAF]             * [* {th:onoffline,data-th-onoffline}] [1000]: org.thymeleaf.standard.processor.StandardDOMEventAttributeTagProcessor
[THYMELEAF]             * [* {th:onhashchange,data-th-onhashchange}] [1000]: org.thymeleaf.standard.processor.StandardDOMEventAttributeTagProcessor
[THYMELEAF]             * [* {th:onemptied,data-th-onemptied}] [1000]: org.thymeleaf.standard.processor.StandardDOMEventAttributeTagProcessor
[THYMELEAF]             * [* {th:onreset,data-th-onreset}] [1000]: org.thymeleaf.standard.processor.StandardDOMEventAttributeTagProcessor
[THYMELEAF]             * [* {th:ondurationchange,data-th-ondurationchange}] [1000]: org.thymeleaf.standard.processor.StandardDOMEventAttributeTagProcessor
[THYMELEAF]             * [* {th:onbeforeprint,data-th-onbeforeprint}] [1000]: org.thymeleaf.standard.processor.StandardDOMEventAttributeTagProcessor
[THYMELEAF]             * [* {th:onloadedmetadata,data-th-onloadedmetadata}] [1000]: org.thymeleaf.standard.processor.StandardDOMEventAttributeTagProcessor
[THYMELEAF]             * [* {th:onseeked,data-th-onseeked}] [1000]: org.thymeleaf.standard.processor.StandardDOMEventAttributeTagProcessor
[THYMELEAF]             * [* {th:onshow,data-th-onshow}] [1000]: org.thymeleaf.standard.processor.StandardDOMEventAttributeTagProcessor
[THYMELEAF]             * [* {th:ondragleave,data-th-ondragleave}] [1000]: org.thymeleaf.standard.processor.StandardDOMEventAttributeTagProcessor
[THYMELEAF]             * [* {th:ondragstart,data-th-ondragstart}] [1000]: org.thymeleaf.standard.processor.StandardDOMEventAttributeTagProcessor
[THYMELEAF]             * [* {th:onmouseup,data-th-onmouseup}] [1000]: org.thymeleaf.standard.processor.StandardDOMEventAttributeTagProcessor
[THYMELEAF]             * [* {th:onmousewheel,data-th-onmousewheel}] [1000]: org.thymeleaf.standard.processor.StandardDOMEventAttributeTagProcessor
[THYMELEAF]             * [* {th:oncontextmenu,data-th-oncontextmenu}] [1000]: org.thymeleaf.standard.processor.StandardDOMEventAttributeTagProcessor
[THYMELEAF]             * [* {th:onsuspend,data-th-onsuspend}] [1000]: org.thymeleaf.standard.processor.StandardDOMEventAttributeTagProcessor
[THYMELEAF]             * [* {th:onended,data-th-onended}] [1000]: org.thymeleaf.standard.processor.StandardDOMEventAttributeTagProcessor
[THYMELEAF]             * [* {th:onloadeddata,data-th-onloadeddata}] [1000]: org.thymeleaf.standard.processor.StandardDOMEventAttributeTagProcessor
[THYMELEAF]             * [* {th:onundo,data-th-onundo}] [1000]: org.thymeleaf.standard.processor.StandardDOMEventAttributeTagProcessor
[THYMELEAF]             * [* {th:onfocus,data-th-onfocus}] [1000]: org.thymeleaf.standard.processor.StandardDOMEventAttributeTagProcessor
[THYMELEAF]             * [* {th:ontimeupdate,data-th-ontimeupdate}] [1000]: org.thymeleaf.standard.processor.StandardDOMEventAttributeTagProcessor
[THYMELEAF]             * [* {th:onreadystatechange,data-th-onreadystatechange}] [1000]: org.thymeleaf.standard.processor.StandardDOMEventAttributeTagProcessor
[THYMELEAF]             * [* {th:ondrop,data-th-ondrop}] [1000]: org.thymeleaf.standard.processor.StandardDOMEventAttributeTagProcessor
[THYMELEAF]             * [* {th:onpopstate,data-th-onpopstate}] [1000]: org.thymeleaf.standard.processor.StandardDOMEventAttributeTagProcessor
[THYMELEAF]             * [* {th:ondrag,data-th-ondrag}] [1000]: org.thymeleaf.standard.processor.StandardDOMEventAttributeTagProcessor
[THYMELEAF]             * [* {th:onplay,data-th-onplay}] [1000]: org.thymeleaf.standard.processor.StandardDOMEventAttributeTagProcessor
[THYMELEAF]             * [* {th:onstorage,data-th-onstorage}] [1000]: org.thymeleaf.standard.processor.StandardDOMEventAttributeTagProcessor
[THYMELEAF]             * [* {th:onkeyup,data-th-onkeyup}] [1000]: org.thymeleaf.standard.processor.StandardDOMEventAttributeTagProcessor
[THYMELEAF]             * [* {th:onloadstart,data-th-onloadstart}] [1000]: org.thymeleaf.standard.processor.StandardDOMEventAttributeTagProcessor
[THYMELEAF]             * [* {th:onmouseout,data-th-onmouseout}] [1000]: org.thymeleaf.standard.processor.StandardDOMEventAttributeTagProcessor
[THYMELEAF]             * [* {th:onprogress,data-th-onprogress}] [1000]: org.thymeleaf.standard.processor.StandardDOMEventAttributeTagProcessor
[THYMELEAF]             * [* {th:onratechange,data-th-onratechange}] [1000]: org.thymeleaf.standard.processor.StandardDOMEventAttributeTagProcessor
[THYMELEAF]             * [* {th:onpause,data-th-onpause}] [1000]: org.thymeleaf.standard.processor.StandardDOMEventAttributeTagProcessor
[THYMELEAF]             * [* {th:onmessage,data-th-onmessage}] [1000]: org.thymeleaf.standard.processor.StandardDOMEventAttributeTagProcessor
[THYMELEAF]             * [* {th:onmouseover,data-th-onmouseover}] [1000]: org.thymeleaf.standard.processor.StandardDOMEventAttributeTagProcessor
[THYMELEAF]             * [* {th:onstalled,data-th-onstalled}] [1000]: org.thymeleaf.standard.processor.StandardDOMEventAttributeTagProcessor
[THYMELEAF]             * [* {th:onabort,data-th-onabort}] [1000]: org.thymeleaf.standard.processor.StandardDOMEventAttributeTagProcessor
[THYMELEAF]             * [* {th:onsubmit,data-th-onsubmit}] [1000]: org.thymeleaf.standard.processor.StandardDOMEventAttributeTagProcessor
[THYMELEAF]             * [* {th:ononline,data-th-ononline}] [1000]: org.thymeleaf.standard.processor.StandardDOMEventAttributeTagProcessor
[THYMELEAF]             * [* {th:onseeking,data-th-onseeking}] [1000]: org.thymeleaf.standard.processor.StandardDOMEventAttributeTagProcessor
[THYMELEAF]             * [* {th:onerror,data-th-onerror}] [1000]: org.thymeleaf.standard.processor.StandardDOMEventAttributeTagProcessor
[THYMELEAF]             * [* {th:oninput,data-th-oninput}] [1000]: org.thymeleaf.standard.processor.StandardDOMEventAttributeTagProcessor
[THYMELEAF]             * [* {th:onformchange,data-th-onformchange}] [1000]: org.thymeleaf.standard.processor.StandardDOMEventAttributeTagProcessor
[THYMELEAF]             * [* {th:onvolumechange,data-th-onvolumechange}] [1000]: org.thymeleaf.standard.processor.StandardDOMEventAttributeTagProcessor
[THYMELEAF]             * [* {th:onclick,data-th-onclick}] [1000]: org.thymeleaf.standard.processor.StandardDOMEventAttributeTagProcessor
[THYMELEAF]             * [* {th:onselect,data-th-onselect}] [1000]: org.thymeleaf.standard.processor.StandardDOMEventAttributeTagProcessor
[THYMELEAF]             * [* {th:onwaiting,data-th-onwaiting}] [1000]: org.thymeleaf.standard.processor.StandardDOMEventAttributeTagProcessor
[THYMELEAF]             * [* {th:onplaying,data-th-onplaying}] [1000]: org.thymeleaf.standard.processor.StandardDOMEventAttributeTagProcessor
[THYMELEAF]             * [* {th:ondblclick,data-th-ondblclick}] [1000]: org.thymeleaf.standard.processor.StandardDOMEventAttributeTagProcessor
[THYMELEAF]             * [* {th:onunload,data-th-onunload}] [1000]: org.thymeleaf.standard.processor.StandardDOMEventAttributeTagProcessor
[THYMELEAF]             * [* {th:onmousemove,data-th-onmousemove}] [1000]: org.thymeleaf.standard.processor.StandardDOMEventAttributeTagProcessor
[THYMELEAF]             * [* {th:oninvalid,data-th-oninvalid}] [1000]: org.thymeleaf.standard.processor.StandardDOMEventAttributeTagProcessor
[THYMELEAF]             * [* {th:ondragover,data-th-ondragover}] [1000]: org.thymeleaf.standard.processor.StandardDOMEventAttributeTagProcessor
[...]
[THYMELEAF]             * [* {th:classid,data-th-classid}] [1000]: org.thymeleaf.standard.processor.StandardRemovableAttributeTagProcessor
[THYMELEAF]             * [* {th:tabindex,data-th-tabindex}] [1000]: org.thymeleaf.standard.processor.StandardRemovableAttributeTagProcessor
[THYMELEAF]             * [* {th:frameborder,data-th-frameborder}] [1000]: org.thymeleaf.standard.processor.StandardRemovableAttributeTagProcessor
[THYMELEAF]             * [* {th:hspace,data-th-hspace}] [1000]: org.thymeleaf.standard.processor.StandardRemovableAttributeTagProcessor
[THYMELEAF]             * [* {th:id,data-th-id}] [1000]: org.thymeleaf.standard.processor.StandardRemovableAttributeTagProcessor
[THYMELEAF]             * [* {th:min,data-th-min}] [1000]: org.thymeleaf.standard.processor.StandardRemovableAttributeTagProcessor
[THYMELEAF]             * [* {th:longdesc,data-th-longdesc}] [1000]: org.thymeleaf.standard.processor.StandardRemovableAttributeTagProcessor
[THYMELEAF]             * [* {th:compact,data-th-compact}] [1000]: org.thymeleaf.standard.processor.StandardRemovableAttributeTagProcessor
[THYMELEAF]             * [* {th:sandbox,data-th-sandbox}] [1000]: org.thymeleaf.standard.processor.StandardRemovableAttributeTagProcessor
[THYMELEAF]             * [* {th:contenteditable,data-th-contenteditable}] [1000]: org.thymeleaf.standard.processor.StandardRemovableAttributeTagProcessor
[THYMELEAF]             * [* {th:pattern,data-th-pattern}] [1000]: org.thymeleaf.standard.processor.StandardRemovableAttributeTagProcessor
[THYMELEAF]             * [* {th:cols,data-th-cols}] [1000]: org.thymeleaf.standard.processor.StandardRemovableAttributeTagProcessor
[THYMELEAF]             * [* {th:frame,data-th-frame}] [1000]: org.thymeleaf.standard.processor.StandardRemovableAttributeTagProcessor
[THYMELEAF]             * [* {th:rel,data-th-rel}] [1000]: org.thymeleaf.standard.processor.StandardRemovableAttributeTagProcessor
[THYMELEAF]             * [* {th:draggable,data-th-draggable}] [1000]: org.thymeleaf.standard.processor.StandardRemovableAttributeTagProcessor
[THYMELEAF]             * [* {th:enctype,data-th-enctype}] [1000]: org.thymeleaf.standard.processor.StandardRemovableAttributeTagProcessor
[THYMELEAF]             * [* {th:cite,data-th-cite}] [1000]: org.thymeleaf.standard.processor.StandardRemovableAttributeTagProcessor
[THYMELEAF]             * [* {th:size,data-th-size}] [1000]: org.thymeleaf.standard.processor.StandardRemovableAttributeTagProcessor
[THYMELEAF]             * [* {th:height,data-th-height}] [1000]: org.thymeleaf.standard.processor.StandardRemovableAttributeTagProcessor
[THYMELEAF]             * [* {th:vspace,data-th-vspace}] [1000]: org.thymeleaf.standard.processor.StandardRemovableAttributeTagProcessor
[THYMELEAF]             * [* {th:datetime,data-th-datetime}] [1000]: org.thymeleaf.standard.processor.StandardRemovableAttributeTagProcessor
[THYMELEAF]             * [* {th:cellspacing,data-th-cellspacing}] [1000]: org.thymeleaf.standard.processor.StandardRemovableAttributeTagProcessor
[THYMELEAF]             * [* {th:challenge,data-th-challenge}] [1000]: org.thymeleaf.standard.processor.StandardRemovableAttributeTagProcessor
[THYMELEAF]             * [* {th:contextmenu,data-th-contextmenu}] [1000]: org.thymeleaf.standard.processor.StandardRemovableAttributeTagProcessor
[THYMELEAF]             * [* {th:content,data-th-content}] [1000]: org.thymeleaf.standard.processor.StandardRemovableAttributeTagProcessor
[THYMELEAF]             * [* {th:headers,data-th-headers}] [1000]: org.thymeleaf.standard.processor.StandardRemovableAttributeTagProcessor
[THYMELEAF]             * [* {th:label,data-th-label}] [1000]: org.thymeleaf.standard.processor.StandardRemovableAttributeTagProcessor
[THYMELEAF]             * [* {th:marginwidth,data-th-marginwidth}] [1000]: org.thymeleaf.standard.processor.StandardRemovableAttributeTagProcessor
[THYMELEAF]             * [* {th:border,data-th-border}] [1000]: org.thymeleaf.standard.processor.StandardRemovableAttributeTagProcessor
[THYMELEAF]             * [* {th:formenctype,data-th-formenctype}] [1000]: org.thymeleaf.standard.processor.StandardRemovableAttributeTagProcessor
[THYMELEAF]             * [* {th:form,data-th-form}] [1000]: org.thymeleaf.standard.processor.StandardRemovableAttributeTagProcessor
[THYMELEAF]             * [* {th:valuetype,data-th-valuetype}] [1000]: org.thymeleaf.standard.processor.StandardRemovableAttributeTagProcessor
[THYMELEAF]             * [* {th:list,data-th-list}] [1000]: org.thymeleaf.standard.processor.StandardRemovableAttributeTagProcessor
[THYMELEAF]             * [* {th:lang,data-th-lang}] [1000]: org.thymeleaf.standard.processor.StandardRemovableAttributeTagProcessor
[THYMELEAF]             * [* {th:alt,data-th-alt}] [1000]: org.thymeleaf.standard.processor.StandardRemovableAttributeTagProcessor
[THYMELEAF]             * [* {th:abbr,data-th-abbr}] [1000]: org.thymeleaf.standard.processor.StandardRemovableAttributeTagProcessor
[THYMELEAF]             * [* {th:accept,data-th-accept}] [1000]: org.thymeleaf.standard.processor.StandardRemovableAttributeTagProcessor
[THYMELEAF]             * [* {th:start,data-th-start}] [1000]: org.thymeleaf.standard.processor.StandardRemovableAttributeTagProcessor
[THYMELEAF]             * [* {th:rev,data-th-rev}] [1000]: org.thymeleaf.standard.processor.StandardRemovableAttributeTagProcessor
[THYMELEAF]             * [* {th:src,data-th-src}] [1000]: org.thymeleaf.standard.processor.StandardSrcTagProcessor
[THYMELEAF]             * [* {th:value,data-th-value}] [1000]: org.thymeleaf.standard.processor.StandardValueTagProcessor
[THYMELEAF]             * [* {th:xmlbase,data-th-xmlbase}] [1000]: org.thymeleaf.standard.processor.StandardXmlBaseTagProcessor
[THYMELEAF]             * [* {th:xmllang,data-th-xmllang}] [1000]: org.thymeleaf.standard.processor.StandardXmlLangTagProcessor
[THYMELEAF]             * [* {xmlns:th}] [1000]: org.thymeleaf.standard.processor.StandardXmlNsTagProcessor
[THYMELEAF]             * [* {th:xmlspace,data-th-xmlspace}] [1000]: org.thymeleaf.standard.processor.StandardXmlSpaceTagProcessor
[THYMELEAF]             * [* {th:classappend,data-th-classappend}] [1100]: org.thymeleaf.standard.processor.StandardClassappendTagProcessor
[THYMELEAF]             * [* {th:styleappend,data-th-styleappend}] [1100]: org.thymeleaf.standard.processor.StandardStyleappendTagProcessor
[THYMELEAF]             * [* {th:text,data-th-text}] [1300]: org.thymeleaf.standard.processor.StandardTextTagProcessor
[THYMELEAF]             * [* {th:utext,data-th-utext}] [1400]: org.thymeleaf.standard.processor.StandardUtextTagProcessor
[THYMELEAF]             * [* {th:fragment,data-th-fragment}] [1500]: org.thymeleaf.standard.processor.StandardFragmentTagProcessor
[THYMELEAF]             * [* {th:assert,data-th-assert}] [1550]: org.thymeleaf.standard.processor.StandardAssertTagProcessor
[THYMELEAF]             * [* {th:remove,data-th-remove}] [1600]: org.thymeleaf.standard.processor.StandardRemoveTagProcessor
[THYMELEAF]             * [* {th:ref,data-th-ref}] [10000]: org.thymeleaf.standard.processor.StandardRefAttributeTagProcessor
[THYMELEAF]             * [{th:block,th-block} *] [100000]: org.thymeleaf.standard.processor.StandardBlockTagProcessor
[THYMELEAF]             * [* th:*] [2147483647]: org.thymeleaf.standard.processor.StandardDefaultAttributesTagProcessor
[THYMELEAF]         * Text Processors by [precedence]:
[THYMELEAF]             * [1000]: org.thymeleaf.standard.processor.StandardInliningTextProcessor
[THYMELEAF]         * DOCTYPE Processors by [precedence]:
[THYMELEAF]             * [1000]: org.thymeleaf.standard.processor.StandardTranslationDocTypeProcessor
[THYMELEAF]         * CDATA Section Processors by [precedence]:
[THYMELEAF]             * [1000]: org.thymeleaf.standard.processor.StandardInliningCDATASectionProcessor
[THYMELEAF]         * Comment Processors by [precedence]:
[THYMELEAF]             * [1000]: org.thymeleaf.standard.processor.StandardInliningCommentProcessor
[THYMELEAF]             * [1100]: org.thymeleaf.standard.processor.StandardConditionalCommentProcessor
[THYMELEAF]     * Processors for Template Mode: XML
[THYMELEAF]         * Element Tag Processors by [matching element and attribute name] [precedence]:
[THYMELEAF]             * [* {th:include}] [100]: org.thymeleaf.standard.processor.StandardIncludeTagProcessor
[THYMELEAF]             * [* {th:insert}] [100]: org.thymeleaf.standard.processor.StandardInsertTagProcessor
[THYMELEAF]             * [* {th:replace}] [100]: org.thymeleaf.standard.processor.StandardReplaceTagProcessor
[THYMELEAF]             * [* {th:each}] [200]: com.intuit.karate.template.KarateEachTagProcessor
[THYMELEAF]             * [* {th:switch}] [250]: org.thymeleaf.standard.processor.StandardSwitchTagProcessor
[THYMELEAF]             * [* {th:case}] [275]: org.thymeleaf.standard.processor.StandardCaseTagProcessor
[THYMELEAF]             * [* {th:if}] [300]: org.thymeleaf.standard.processor.StandardIfTagProcessor
[THYMELEAF]             * [* {th:unless}] [400]: org.thymeleaf.standard.processor.StandardUnlessTagProcessor
[THYMELEAF]             * [* {th:object}] [500]: org.thymeleaf.standard.processor.StandardObjectTagProcessor
[THYMELEAF]             * [* {th:with}] [600]: com.intuit.karate.template.KarateWithTagProcessor
[THYMELEAF]             * [* {th:attr}] [700]: com.intuit.karate.template.KarateAttributeTagProcessor.KarateAttrTagProcessor
[THYMELEAF]             * [* {th:attrappend}] [900]: com.intuit.karate.template.KarateAttributeTagProcessor.KarateAttrappendTagProcessor
[THYMELEAF]             * [* {th:attrprepend}] [900]: com.intuit.karate.template.KarateAttributeTagProcessor.KarateAttrprependTagProcessor
[THYMELEAF]             * [* {th:inline}] [1000]: org.thymeleaf.standard.processor.StandardInlineXMLTagProcessor
[THYMELEAF]             * [* {xmlns:th}] [1000]: org.thymeleaf.standard.processor.StandardXmlNsTagProcessor
[THYMELEAF]             * [* {th:text}] [1300]: org.thymeleaf.standard.processor.StandardTextTagProcessor
[THYMELEAF]             * [* {th:utext}] [1400]: org.thymeleaf.standard.processor.StandardUtextTagProcessor
[THYMELEAF]             * [* {th:fragment}] [1500]: org.thymeleaf.standard.processor.StandardFragmentTagProcessor
[THYMELEAF]             * [* {th:assert}] [1550]: org.thymeleaf.standard.processor.StandardAssertTagProcessor
[THYMELEAF]             * [* {th:remove}] [1600]: org.thymeleaf.standard.processor.StandardRemoveTagProcessor
[THYMELEAF]             * [* {th:ref}] [10000]: org.thymeleaf.standard.processor.StandardRefAttributeTagProcessor
[THYMELEAF]             * [{th:block} *] [100000]: org.thymeleaf.standard.processor.StandardBlockTagProcessor
[THYMELEAF]             * [* th:*] [2147483647]: org.thymeleaf.standard.processor.StandardDefaultAttributesTagProcessor
[THYMELEAF]         * Text Processors by [precedence]:
[THYMELEAF]             * [1000]: org.thymeleaf.standard.processor.StandardInliningTextProcessor
[THYMELEAF]         * CDATA Section Processors by [precedence]:
[THYMELEAF]             * [1000]: org.thymeleaf.standard.processor.StandardInliningCDATASectionProcessor
[THYMELEAF]         * Comment Processors by [precedence]:
[THYMELEAF]             * [1000]: org.thymeleaf.standard.processor.StandardInliningCommentProcessor
[THYMELEAF]     * Processors for Template Mode: TEXT
[THYMELEAF]         * Element Tag Processors by [matching element and attribute name] [precedence]:
[THYMELEAF]             * [* {th:insert}] [100]: org.thymeleaf.standard.processor.StandardInsertTagProcessor
[THYMELEAF]             * [* {th:replace}] [100]: org.thymeleaf.standard.processor.StandardReplaceTagProcessor
[THYMELEAF]             * [* {th:each}] [200]: com.intuit.karate.template.KarateEachTagProcessor
[THYMELEAF]             * [* {th:switch}] [250]: org.thymeleaf.standard.processor.StandardSwitchTagProcessor
[THYMELEAF]             * [* {th:case}] [275]: org.thymeleaf.standard.processor.StandardCaseTagProcessor
[THYMELEAF]             * [* {th:if}] [300]: org.thymeleaf.standard.processor.StandardIfTagProcessor
[THYMELEAF]             * [* {th:unless}] [400]: org.thymeleaf.standard.processor.StandardUnlessTagProcessor
[THYMELEAF]             * [* {th:object}] [500]: org.thymeleaf.standard.processor.StandardObjectTagProcessor
[THYMELEAF]             * [* {th:with}] [600]: com.intuit.karate.template.KarateWithTagProcessor
[THYMELEAF]             * [* {th:inline}] [1000]: org.thymeleaf.standard.processor.StandardInlineTextualTagProcessor
[THYMELEAF]             * [* {th:text}] [1300]: org.thymeleaf.standard.processor.StandardTextTagProcessor
[THYMELEAF]             * [* {th:utext}] [1400]: org.thymeleaf.standard.processor.StandardUtextTagProcessor
[THYMELEAF]             * [* {th:assert}] [1550]: org.thymeleaf.standard.processor.StandardAssertTagProcessor
[THYMELEAF]             * [* {th:remove}] [1600]: org.thymeleaf.standard.processor.StandardRemoveTagProcessor
[THYMELEAF]             * [{th:block} *] [100000]: org.thymeleaf.standard.processor.StandardBlockTagProcessor
[THYMELEAF]             * [* 100000] [org.thymeleaf.standard.processor.StandardBlockTagProcessor]: {}
[THYMELEAF]         * Text Processors by [precedence]:
[THYMELEAF]             * [1000]: org.thymeleaf.standard.processor.StandardInliningTextProcessor
[THYMELEAF]     * Processors for Template Mode: JAVASCRIPT
[THYMELEAF]         * Element Tag Processors by [matching element and attribute name] [precedence]:
[THYMELEAF]             * [* {th:insert}] [100]: org.thymeleaf.standard.processor.StandardInsertTagProcessor
[THYMELEAF]             * [* {th:replace}] [100]: org.thymeleaf.standard.processor.StandardReplaceTagProcessor
[THYMELEAF]             * [* {th:each}] [200]: com.intuit.karate.template.KarateEachTagProcessor
[THYMELEAF]             * [* {th:switch}] [250]: org.thymeleaf.standard.processor.StandardSwitchTagProcessor
[THYMELEAF]             * [* {th:case}] [275]: org.thymeleaf.standard.processor.StandardCaseTagProcessor
[THYMELEAF]             * [* {th:if}] [300]: org.thymeleaf.standard.processor.StandardIfTagProcessor
[THYMELEAF]             * [* {th:unless}] [400]: org.thymeleaf.standard.processor.StandardUnlessTagProcessor
[THYMELEAF]             * [* {th:object}] [500]: org.thymeleaf.standard.processor.StandardObjectTagProcessor
[THYMELEAF]             * [* {th:with}] [600]: com.intuit.karate.template.KarateWithTagProcessor
[THYMELEAF]             * [* {th:inline}] [1000]: org.thymeleaf.standard.processor.StandardInlineTextualTagProcessor
[THYMELEAF]             * [* {th:text}] [1300]: org.thymeleaf.standard.processor.StandardTextTagProcessor
[THYMELEAF]             * [* {th:utext}] [1400]: org.thymeleaf.standard.processor.StandardUtextTagProcessor
[THYMELEAF]             * [* {th:assert}] [1550]: org.thymeleaf.standard.processor.StandardAssertTagProcessor
[THYMELEAF]             * [* {th:remove}] [1600]: org.thymeleaf.standard.processor.StandardRemoveTagProcessor
[THYMELEAF]             * [{th:block} *] [100000]: org.thymeleaf.standard.processor.StandardBlockTagProcessor
[THYMELEAF]             * [* 100000] [org.thymeleaf.standard.processor.StandardBlockTagProcessor]: {}
[THYMELEAF]         * Text Processors by [precedence]:
[THYMELEAF]             * [1000]: org.thymeleaf.standard.processor.StandardInliningTextProcessor
[THYMELEAF]     * Processors for Template Mode: CSS
[THYMELEAF]         * Element Tag Processors by [matching element and attribute name] [precedence]:
[THYMELEAF]             * [* {th:insert}] [100]: org.thymeleaf.standard.processor.StandardInsertTagProcessor
[THYMELEAF]             * [* {th:replace}] [100]: org.thymeleaf.standard.processor.StandardReplaceTagProcessor
[THYMELEAF]             * [* {th:each}] [200]: com.intuit.karate.template.KarateEachTagProcessor
[THYMELEAF]             * [* {th:switch}] [250]: org.thymeleaf.standard.processor.StandardSwitchTagProcessor
[THYMELEAF]             * [* {th:case}] [275]: org.thymeleaf.standard.processor.StandardCaseTagProcessor
[THYMELEAF]             * [* {th:if}] [300]: org.thymeleaf.standard.processor.StandardIfTagProcessor
[THYMELEAF]             * [* {th:unless}] [400]: org.thymeleaf.standard.processor.StandardUnlessTagProcessor
[THYMELEAF]             * [* {th:object}] [500]: org.thymeleaf.standard.processor.StandardObjectTagProcessor
[THYMELEAF]             * [* {th:with}] [600]: com.intuit.karate.template.KarateWithTagProcessor
[THYMELEAF]             * [* {th:inline}] [1000]: org.thymeleaf.standard.processor.StandardInlineTextualTagProcessor
[THYMELEAF]             * [* {th:text}] [1300]: org.thymeleaf.standard.processor.StandardTextTagProcessor
[THYMELEAF]             * [* {th:utext}] [1400]: org.thymeleaf.standard.processor.StandardUtextTagProcessor
[THYMELEAF]             * [* {th:assert}] [1550]: org.thymeleaf.standard.processor.StandardAssertTagProcessor
[THYMELEAF]             * [* {th:remove}] [1600]: org.thymeleaf.standard.processor.StandardRemoveTagProcessor
[THYMELEAF]             * [{th:block} *] [100000]: org.thymeleaf.standard.processor.StandardBlockTagProcessor
[THYMELEAF]             * [* 100000] [org.thymeleaf.standard.processor.StandardBlockTagProcessor]: {}
[THYMELEAF]         * Text Processors by [precedence]:
[THYMELEAF]             * [1000]: org.thymeleaf.standard.processor.StandardInliningTextProcessor
[THYMELEAF]     * Expression Objects:
[THYMELEAF]         * #ctx
[THYMELEAF]         * #root
[THYMELEAF]         * #vars
[THYMELEAF]         * #object
[THYMELEAF]         * #locale
[THYMELEAF]         * #conversions
[THYMELEAF]         * #uris
[THYMELEAF]         * #temporals
[THYMELEAF]         * #calendars
[THYMELEAF]         * #dates
[THYMELEAF]         * #bools
[THYMELEAF]         * #numbers
[THYMELEAF]         * #objects
[THYMELEAF]         * #strings
[THYMELEAF]         * #arrays
[THYMELEAF]         * #lists
[THYMELEAF]         * #sets
[THYMELEAF]         * #maps
[THYMELEAF]         * #aggregates
[THYMELEAF]         * #messages
[THYMELEAF]         * #ids
[THYMELEAF]         * #execInfo
[THYMELEAF]         * #request
[THYMELEAF]         * #response
[THYMELEAF]         * #session
[THYMELEAF]         * #servletContext
[THYMELEAF]     * Execution Attributes:
[THYMELEAF]         * "StandardExpressionParser": com.intuit.karate.template.KarateStandardDialect@84eafc2
[THYMELEAF]         * "StandardJavaScriptSerializer": org.thymeleaf.standard.serializer.StandardJavaScriptSerializer@4172c967
[THYMELEAF]         * "StandardCSSSerializer": org.thymeleaf.standard.serializer.StandardCSSSerializer@71ac5723
[THYMELEAF]         * "StandardVariableExpressionEvaluator": com.intuit.karate.template.KarateStandardDialect@84eafc2
[THYMELEAF]         * "StandardConversionService": org.thymeleaf.standard.expression.StandardConversionService@7bb3294c
[THYMELEAF] * Dialect [2 of 2]: karate (com.intuit.karate.template.KarateScriptDialect)
[THYMELEAF]     * Prefix: "ka"
[THYMELEAF]     * Processors for Template Mode: HTML
[THYMELEAF]         * Element Tag Processors by [matching element and attribute name] [precedence]:
[THYMELEAF]             * [* {src}] [1000]: com.intuit.karate.template.KaScriptAttrProcessor
[THYMELEAF]         * Element Model Processors by [matching element and attribute name] [precedence]:
[THYMELEAF]             * [{script} {ka:scope,data-ka-scope}] [1000]: com.intuit.karate.template.KaScriptElemProcessor
[THYMELEAF]             * [* {ka:set,data-ka-set}] [1000]: com.intuit.karate.template.KaSetElemProcessor
[THYMELEAF] TEMPLATE ENGINE CONFIGURED OK
15:30:56.075 [main] DEBUG org.thymeleaf.TemplateEngine -- [THYMELEAF] TEMPLATE ENGINE INITIALIZED

HTML report: (paste into browser to view) | Karate version: 1.4.1
file:///C:/Users/A%20AKIL%20GANESH/Eclipse%20java/Karate_Project/target/karate-reports/karate-summary.html
===================================================================

]]></system-out>
  </testcase>
</testsuite>